# JRE version: Java(TM) SE Runtime Environment (8.0_101-b13) (build 1.8.0_101-b13)
# Java VM: Java HotSpot(TM) 64-Bit Server VM (25.101-b13 mixed mode windows-amd64 compressed oops)
Heap:
 PSYoungGen      total 558592K, used 348182K [0x000000076ab00000, 0x0000000797a80000, 0x00000007c0000000)
  eden space 454656K, 62% used [0x000000076ab00000,0x000000077bfa6290,0x0000000786700000)
  from space 103936K, 62% used [0x0000000786700000,0x000000078a65f628,0x000000078cc80000)
  to   space 107520K, 0% used [0x0000000791180000,0x0000000791180000,0x0000000797a80000)
 ParOldGen       total 369152K, used 207111K [0x00000006c0000000, 0x00000006d6880000, 0x000000076ab00000)
  object space 369152K, 56% used [0x00000006c0000000,0x00000006cca41c40,0x00000006d6880000)
 Metaspace       used 6712K, capacity 7320K, committed 7680K, reserved 1056768K
  class space    used 632K, capacity 656K, committed 768K, reserved 1048576K
GC Heap History (10 events):
Event: 3.454 GC heap before
{Heap before GC invocations=9 (full 1):
 PSYoungGen      total 293376K, used 264152K [0x000000076ab00000, 0x0000000791000000, 0x00000007c0000000)
  eden space 261632K, 100% used [0x000000076ab00000,0x000000077aa80000,0x000000077aa80000)
  from space 31744K, 7% used [0x000000077aa80000,0x000000077acf6358,0x000000077c980000)
  to   space 52224K, 0% used [0x000000078dd00000,0x000000078dd00000,0x0000000791000000)
 ParOldGen       total 174080K, used 87453K [0x00000006c0000000, 0x00000006caa00000, 0x000000076ab00000)
  object space 174080K, 50% used [0x00000006c0000000,0x00000006c55675d8,0x00000006caa00000)
 Metaspace       used 6666K, capacity 7320K, committed 7680K, reserved 1056768K
  class space    used 631K, capacity 656K, committed 768K, reserved 1048576K
Event: 3.512 GC heap after
Heap after GC invocations=9 (full 1):
 PSYoungGen      total 370688K, used 40058K [0x000000076ab00000, 0x0000000790480000, 0x00000007c0000000)
  eden space 330240K, 0% used [0x000000076ab00000,0x000000076ab00000,0x000000077ed80000)
  from space 40448K, 99% used [0x000000078dd00000,0x000000079041e9b0,0x0000000790480000)
  to   space 57344K, 0% used [0x0000000789480000,0x0000000789480000,0x000000078cc80000)
 ParOldGen       total 174080K, used 87453K [0x00000006c0000000, 0x00000006caa00000, 0x000000076ab00000)
  object space 174080K, 50% used [0x00000006c0000000,0x00000006c55675d8,0x00000006caa00000)
 Metaspace       used 6666K, capacity 7320K, committed 7680K, reserved 1056768K
  class space    used 631K, capacity 656K, committed 768K, reserved 1048576K
}
Event: 4.091 GC heap before
{Heap before GC invocations=10 (full 1):
 PSYoungGen      total 370688K, used 370298K [0x000000076ab00000, 0x0000000790480000, 0x00000007c0000000)
  eden space 330240K, 100% used [0x000000076ab00000,0x000000077ed80000,0x000000077ed80000)
  from space 40448K, 99% used [0x000000078dd00000,0x000000079041e9b0,0x0000000790480000)
  to   space 57344K, 0% used [0x0000000789480000,0x0000000789480000,0x000000078cc80000)
 ParOldGen       total 174080K, used 87453K [0x00000006c0000000, 0x00000006caa00000, 0x000000076ab00000)
  object space 174080K, 50% used [0x00000006c0000000,0x00000006c55675d8,0x00000006caa00000)
 Metaspace       used 6673K, capacity 7320K, committed 7680K, reserved 1056768K
  class space    used 631K, capacity 656K, committed 768K, reserved 1048576K
Event: 4.170 GC heap after
Heap after GC invocations=10 (full 1):
 PSYoungGen      total 448000K, used 57334K [0x000000076ab00000, 0x000000078dd80000, 0x00000007c0000000)
  eden space 390656K, 0% used [0x000000076ab00000,0x000000076ab00000,0x0000000782880000)
  from space 57344K, 99% used [0x0000000789480000,0x000000078cc7daa8,0x000000078cc80000)
  to   space 17408K, 0% used [0x000000078cc80000,0x000000078cc80000,0x000000078dd80000)
 ParOldGen       total 174080K, used 106891K [0x00000006c0000000, 0x00000006caa00000, 0x000000076ab00000)
  object space 174080K, 61% used [0x00000006c0000000,0x00000006c6862cb0,0x00000006caa00000)
 Metaspace       used 6673K, capacity 7320K, committed 7680K, reserved 1056768K
  class space    used 631K, capacity 656K, committed 768K, reserved 1048576K
}
Event: 5.043 GC heap before
{Heap before GC invocations=11 (full 1):
 PSYoungGen      total 448000K, used 447990K [0x000000076ab00000, 0x000000078dd80000, 0x00000007c0000000)
  eden space 390656K, 100% used [0x000000076ab00000,0x0000000782880000,0x0000000782880000)
  from space 57344K, 99% used [0x0000000789480000,0x000000078cc7daa8,0x000000078cc80000)
  to   space 17408K, 0% used [0x000000078cc80000,0x000000078cc80000,0x000000078dd80000)
 ParOldGen       total 174080K, used 106891K [0x00000006c0000000, 0x00000006caa00000, 0x000000076ab00000)
  object space 174080K, 61% used [0x00000006c0000000,0x00000006c6862cb0,0x00000006caa00000)
 Metaspace       used 6695K, capacity 7320K, committed 7680K, reserved 1056768K
  class space    used 631K, capacity 656K, committed 768K, reserved 1048576K
Event: 5.180 GC heap after
Heap after GC invocations=11 (full 1):
 PSYoungGen      total 472064K, used 17389K [0x000000076ab00000, 0x0000000794280000, 0x00000007c0000000)
  eden space 454656K, 0% used [0x000000076ab00000,0x000000076ab00000,0x0000000786700000)
  from space 17408K, 99% used [0x000000078cc80000,0x000000078dd7b628,0x000000078dd80000)
  to   space 103936K, 0% used [0x0000000786700000,0x0000000786700000,0x000000078cc80000)
 ParOldGen       total 207360K, used 207013K [0x00000006c0000000, 0x00000006cca80000, 0x000000076ab00000)
  object space 207360K, 99% used [0x00000006c0000000,0x00000006cca29450,0x00000006cca80000)
 Metaspace       used 6695K, capacity 7320K, committed 7680K, reserved 1056768K
  class space    used 631K, capacity 656K, committed 768K, reserved 1048576K
}
Event: 5.180 GC heap before
{Heap before GC invocations=12 (full 2):
 PSYoungGen      total 472064K, used 17389K [0x000000076ab00000, 0x0000000794280000, 0x00000007c0000000)
  eden space 454656K, 0% used [0x000000076ab00000,0x000000076ab00000,0x0000000786700000)
  from space 17408K, 99% used [0x000000078cc80000,0x000000078dd7b628,0x000000078dd80000)
  to   space 103936K, 0% used [0x0000000786700000,0x0000000786700000,0x000000078cc80000)
 ParOldGen       total 207360K, used 207013K [0x00000006c0000000, 0x00000006cca80000, 0x000000076ab00000)
  object space 207360K, 99% used [0x00000006c0000000,0x00000006cca29450,0x00000006cca80000)
 Metaspace       used 6695K, capacity 7320K, committed 7680K, reserved 1056768K
  class space    used 631K, capacity 656K, committed 768K, reserved 1048576K
Event: 6.188 GC heap after
Heap after GC invocations=12 (full 2):
 PSYoungGen      total 472064K, used 9604K [0x000000076ab00000, 0x0000000794280000, 0x00000007c0000000)
  eden space 454656K, 0% used [0x000000076ab00000,0x000000076ab00000,0x0000000786700000)
  from space 17408K, 55% used [0x000000078cc80000,0x000000078d5e10f0,0x000000078dd80000)
  to   space 103936K, 0% used [0x0000000786700000,0x0000000786700000,0x000000078cc80000)
 ParOldGen       total 369152K, used 206898K [0x00000006c0000000, 0x00000006d6880000, 0x000000076ab00000)
  object space 369152K, 56% used [0x00000006c0000000,0x00000006cca0cb90,0x00000006d6880000)
 Metaspace       used 6695K, capacity 7320K, committed 7680K, reserved 1056768K
  class space    used 631K, capacity 656K, committed 768K, reserved 1048576K
}
Event: 7.015 GC heap before
{Heap before GC invocations=13 (full 2):
 PSYoungGen      total 472064K, used 464260K [0x000000076ab00000, 0x0000000794280000, 0x00000007c0000000)
  eden space 454656K, 100% used [0x000000076ab00000,0x0000000786700000,0x0000000786700000)
  from space 17408K, 55% used [0x000000078cc80000,0x000000078d5e10f0,0x000000078dd80000)
  to   space 103936K, 0% used [0x0000000786700000,0x0000000786700000,0x000000078cc80000)
 ParOldGen       total 369152K, used 206898K [0x00000006c0000000, 0x00000006d6880000, 0x000000076ab00000)
  object space 369152K, 56% used [0x00000006c0000000,0x00000006cca0cb90,0x00000006d6880000)
 Metaspace       used 6705K, capacity 7320K, committed 7680K, reserved 1056768K
  class space    used 631K, capacity 656K, committed 768K, reserved 1048576K
Event: 7.109 GC heap after
Heap after GC invocations=13 (full 2):
 PSYoungGen      total 558592K, used 64893K [0x000000076ab00000, 0x0000000797a80000, 0x00000007c0000000)
  eden space 454656K, 0% used [0x000000076ab00000,0x000000076ab00000,0x0000000786700000)
  from space 103936K, 62% used [0x0000000786700000,0x000000078a65f628,0x000000078cc80000)
  to   space 107520K, 0% used [0x0000000791180000,0x0000000791180000,0x0000000797a80000)
 ParOldGen       total 369152K, used 207111K [0x00000006c0000000, 0x00000006d6880000, 0x000000076ab00000)
  object space 369152K, 56% used [0x00000006c0000000,0x00000006cca41c40,0x00000006d6880000)
 Metaspace       used 6705K, capacity 7320K, committed 7680K, reserved 1056768K
  class space    used 631K, capacity 656K, committed 768K, reserved 1048576K
}

