# JRE version: Java(TM) SE Runtime Environment (8.0_101-b13) (build 1.8.0_101-b13)
# Java VM: Java HotSpot(TM) 64-Bit Server VM (25.101-b13 mixed mode windows-amd64 compressed oops)
Heap:
 PSYoungGen      total 557568K, used 251625K [0x000000076ab00000, 0x0000000798100000, 0x00000007c0000000)
  eden space 452608K, 41% used [0x000000076ab00000,0x00000007761a45d8,0x0000000786500000)
  from space 104960K, 61% used [0x0000000786500000,0x000000078a415fd8,0x000000078cb80000)
  to   space 108032K, 0% used [0x0000000791780000,0x0000000791780000,0x0000000798100000)
 ParOldGen       total 367616K, used 207477K [0x00000006c0000000, 0x00000006d6700000, 0x000000076ab00000)
  object space 367616K, 56% used [0x00000006c0000000,0x00000006cca9d568,0x00000006d6700000)
 Metaspace       used 6710K, capacity 7320K, committed 7680K, reserved 1056768K
  class space    used 630K, capacity 656K, committed 768K, reserved 1048576K
GC Heap History (10 events):
Event: 3.527 GC heap before
{Heap before GC invocations=9 (full 1):
 PSYoungGen      total 292864K, used 263660K [0x000000076ab00000, 0x0000000791000000, 0x00000007c0000000)
  eden space 261120K, 100% used [0x000000076ab00000,0x000000077aa00000,0x000000077aa00000)
  from space 31744K, 8% used [0x000000077aa00000,0x000000077ac7b228,0x000000077c900000)
  to   space 52736K, 0% used [0x000000078dc80000,0x000000078dc80000,0x0000000791000000)
 ParOldGen       total 173056K, used 87128K [0x00000006c0000000, 0x00000006ca900000, 0x000000076ab00000)
  object space 173056K, 50% used [0x00000006c0000000,0x00000006c5516118,0x00000006ca900000)
 Metaspace       used 6669K, capacity 7320K, committed 7680K, reserved 1056768K
  class space    used 630K, capacity 656K, committed 768K, reserved 1048576K
Event: 3.592 GC heap after
Heap after GC invocations=9 (full 1):
 PSYoungGen      total 377344K, used 40388K [0x000000076ab00000, 0x0000000790400000, 0x00000007c0000000)
  eden space 336896K, 0% used [0x000000076ab00000,0x000000076ab00000,0x000000077f400000)
  from space 40448K, 99% used [0x000000078dc80000,0x00000007903f1048,0x0000000790400000)
  to   space 57856K, 0% used [0x0000000789300000,0x0000000789300000,0x000000078cb80000)
 ParOldGen       total 173056K, used 87136K [0x00000006c0000000, 0x00000006ca900000, 0x000000076ab00000)
  object space 173056K, 50% used [0x00000006c0000000,0x00000006c5518118,0x00000006ca900000)
 Metaspace       used 6669K, capacity 7320K, committed 7680K, reserved 1056768K
  class space    used 630K, capacity 656K, committed 768K, reserved 1048576K
}
Event: 4.157 GC heap before
{Heap before GC invocations=10 (full 1):
 PSYoungGen      total 377344K, used 377284K [0x000000076ab00000, 0x0000000790400000, 0x00000007c0000000)
  eden space 336896K, 100% used [0x000000076ab00000,0x000000077f400000,0x000000077f400000)
  from space 40448K, 99% used [0x000000078dc80000,0x00000007903f1048,0x0000000790400000)
  to   space 57856K, 0% used [0x0000000789300000,0x0000000789300000,0x000000078cb80000)
 ParOldGen       total 173056K, used 87136K [0x00000006c0000000, 0x00000006ca900000, 0x000000076ab00000)
  object space 173056K, 50% used [0x00000006c0000000,0x00000006c5518118,0x00000006ca900000)
 Metaspace       used 6676K, capacity 7320K, committed 7680K, reserved 1056768K
  class space    used 630K, capacity 656K, committed 768K, reserved 1048576K
Event: 4.232 GC heap after
Heap after GC invocations=10 (full 1):
 PSYoungGen      total 461312K, used 57853K [0x000000076ab00000, 0x000000078dd00000, 0x00000007c0000000)
  eden space 403456K, 0% used [0x000000076ab00000,0x000000076ab00000,0x0000000783500000)
  from space 57856K, 99% used [0x0000000789300000,0x000000078cb7f5f8,0x000000078cb80000)
  to   space 17920K, 0% used [0x000000078cb80000,0x000000078cb80000,0x000000078dd00000)
 ParOldGen       total 173056K, used 105484K [0x00000006c0000000, 0x00000006ca900000, 0x000000076ab00000)
  object space 173056K, 60% used [0x00000006c0000000,0x00000006c67031f0,0x00000006ca900000)
 Metaspace       used 6676K, capacity 7320K, committed 7680K, reserved 1056768K
  class space    used 630K, capacity 656K, committed 768K, reserved 1048576K
}
Event: 5.051 GC heap before
{Heap before GC invocations=11 (full 1):
 PSYoungGen      total 461312K, used 461309K [0x000000076ab00000, 0x000000078dd00000, 0x00000007c0000000)
  eden space 403456K, 100% used [0x000000076ab00000,0x0000000783500000,0x0000000783500000)
  from space 57856K, 99% used [0x0000000789300000,0x000000078cb7f5f8,0x000000078cb80000)
  to   space 17920K, 0% used [0x000000078cb80000,0x000000078cb80000,0x000000078dd00000)
 ParOldGen       total 173056K, used 105484K [0x00000006c0000000, 0x00000006ca900000, 0x000000076ab00000)
  object space 173056K, 60% used [0x00000006c0000000,0x00000006c67031f0,0x00000006ca900000)
 Metaspace       used 6698K, capacity 7320K, committed 7680K, reserved 1056768K
  class space    used 630K, capacity 656K, committed 768K, reserved 1048576K
Event: 5.191 GC heap after
Heap after GC invocations=11 (full 1):
 PSYoungGen      total 470528K, used 17891K [0x000000076ab00000, 0x0000000795b00000, 0x00000007c0000000)
  eden space 452608K, 0% used [0x000000076ab00000,0x000000076ab00000,0x0000000786500000)
  from space 17920K, 99% used [0x000000078cb80000,0x000000078dcf8fe0,0x000000078dd00000)
  to   space 104960K, 0% used [0x0000000786500000,0x0000000786500000,0x000000078cb80000)
 ParOldGen       total 207360K, used 206891K [0x00000006c0000000, 0x00000006cca80000, 0x000000076ab00000)
  object space 207360K, 99% used [0x00000006c0000000,0x00000006cca0ad28,0x00000006cca80000)
 Metaspace       used 6698K, capacity 7320K, committed 7680K, reserved 1056768K
  class space    used 630K, capacity 656K, committed 768K, reserved 1048576K
}
Event: 5.191 GC heap before
{Heap before GC invocations=12 (full 2):
 PSYoungGen      total 470528K, used 17891K [0x000000076ab00000, 0x0000000795b00000, 0x00000007c0000000)
  eden space 452608K, 0% used [0x000000076ab00000,0x000000076ab00000,0x0000000786500000)
  from space 17920K, 99% used [0x000000078cb80000,0x000000078dcf8fe0,0x000000078dd00000)
  to   space 104960K, 0% used [0x0000000786500000,0x0000000786500000,0x000000078cb80000)
 ParOldGen       total 207360K, used 206891K [0x00000006c0000000, 0x00000006cca80000, 0x000000076ab00000)
  object space 207360K, 99% used [0x00000006c0000000,0x00000006cca0ad28,0x00000006cca80000)
 Metaspace       used 6698K, capacity 7320K, committed 7680K, reserved 1056768K
  class space    used 630K, capacity 656K, committed 768K, reserved 1048576K
Event: 6.101 GC heap after
Heap after GC invocations=12 (full 2):
 PSYoungGen      total 470528K, used 9119K [0x000000076ab00000, 0x0000000795b00000, 0x00000007c0000000)
  eden space 452608K, 0% used [0x000000076ab00000,0x000000076ab00000,0x0000000786500000)
  from space 17920K, 50% used [0x000000078cb80000,0x000000078d467d08,0x000000078dd00000)
  to   space 104960K, 0% used [0x0000000786500000,0x0000000786500000,0x000000078cb80000)
 ParOldGen       total 367616K, used 207172K [0x00000006c0000000, 0x00000006d6700000, 0x000000076ab00000)
  object space 367616K, 56% used [0x00000006c0000000,0x00000006cca51040,0x00000006d6700000)
 Metaspace       used 6698K, capacity 7320K, committed 7680K, reserved 1056768K
  class space    used 630K, capacity 656K, committed 768K, reserved 1048576K
}
Event: 6.945 GC heap before
{Heap before GC invocations=13 (full 2):
 PSYoungGen      total 470528K, used 461727K [0x000000076ab00000, 0x0000000795b00000, 0x00000007c0000000)
  eden space 452608K, 100% used [0x000000076ab00000,0x0000000786500000,0x0000000786500000)
  from space 17920K, 50% used [0x000000078cb80000,0x000000078d467d08,0x000000078dd00000)
  to   space 104960K, 0% used [0x0000000786500000,0x0000000786500000,0x000000078cb80000)
 ParOldGen       total 367616K, used 207172K [0x00000006c0000000, 0x00000006d6700000, 0x000000076ab00000)
  object space 367616K, 56% used [0x00000006c0000000,0x00000006cca51040,0x00000006d6700000)
 Metaspace       used 6710K, capacity 7320K, committed 7680K, reserved 1056768K
  class space    used 630K, capacity 656K, committed 768K, reserved 1048576K
Event: 7.052 GC heap after
Heap after GC invocations=13 (full 2):
 PSYoungGen      total 557568K, used 64599K [0x000000076ab00000, 0x0000000798100000, 0x00000007c0000000)
  eden space 452608K, 0% used [0x000000076ab00000,0x000000076ab00000,0x0000000786500000)
  from space 104960K, 61% used [0x0000000786500000,0x000000078a415fd8,0x000000078cb80000)
  to   space 108032K, 0% used [0x0000000791780000,0x0000000791780000,0x0000000798100000)
 ParOldGen       total 367616K, used 207477K [0x00000006c0000000, 0x00000006d6700000, 0x000000076ab00000)
  object space 367616K, 56% used [0x00000006c0000000,0x00000006cca9d568,0x00000006d6700000)
 Metaspace       used 6710K, capacity 7320K, committed 7680K, reserved 1056768K
  class space    used 630K, capacity 656K, committed 768K, reserved 1048576K
}

