# JRE version: Java(TM) SE Runtime Environment (8.0_101-b13) (build 1.8.0_101-b13)
# Java VM: Java HotSpot(TM) 64-Bit Server VM (25.101-b13 mixed mode windows-amd64 compressed oops)
Heap:
 PSYoungGen      total 558080K, used 452608K [0x000000076ab00000, 0x0000000798700000, 0x00000007c0000000)
  eden space 452608K, 100% used [0x000000076ab00000,0x0000000786500000,0x0000000786500000)
  from space 105472K, 0% used [0x0000000786500000,0x0000000786500000,0x000000078cc00000)
  to   space 110592K, 0% used [0x0000000791b00000,0x0000000791b00000,0x0000000798700000)
 ParOldGen       total 366080K, used 366058K [0x00000006c0000000, 0x00000006d6580000, 0x000000076ab00000)
  object space 366080K, 99% used [0x00000006c0000000,0x00000006d657a890,0x00000006d6580000)
 Metaspace       used 6767K, capacity 7320K, committed 7680K, reserved 1056768K
  class space    used 635K, capacity 656K, committed 768K, reserved 1048576K
GC Heap History (10 events):
Event: 7.296 GC heap before
{Heap before GC invocations=13 (full 2):
 PSYoungGen      total 474624K, used 466326K [0x000000076ab00000, 0x0000000798200000, 0x00000007c0000000)
  eden space 452608K, 100% used [0x000000076ab00000,0x0000000786500000,0x0000000786500000)
  from space 22016K, 62% used [0x000000078cc00000,0x000000078d965800,0x000000078e180000)
  to   space 105472K, 0% used [0x0000000786500000,0x0000000786500000,0x000000078cc00000)
 ParOldGen       total 366080K, used 208982K [0x00000006c0000000, 0x00000006d6580000, 0x000000076ab00000)
  object space 366080K, 57% used [0x00000006c0000000,0x00000006ccc159b8,0x00000006d6580000)
 Metaspace       used 6711K, capacity 7320K, committed 7680K, reserved 1056768K
  class space    used 632K, capacity 656K, committed 768K, reserved 1048576K
Event: 7.380 GC heap after
Heap after GC invocations=13 (full 2):
 PSYoungGen      total 558080K, used 68529K [0x000000076ab00000, 0x0000000798700000, 0x00000007c0000000)
  eden space 452608K, 0% used [0x000000076ab00000,0x000000076ab00000,0x0000000786500000)
  from space 105472K, 64% used [0x0000000786500000,0x000000078a7ec558,0x000000078cc00000)
  to   space 110592K, 0% used [0x0000000791b00000,0x0000000791b00000,0x0000000798700000)
 ParOldGen       total 366080K, used 211031K [0x00000006c0000000, 0x00000006d6580000, 0x000000076ab00000)
  object space 366080K, 57% used [0x00000006c0000000,0x00000006cce15e88,0x00000006d6580000)
 Metaspace       used 6711K, capacity 7320K, committed 7680K, reserved 1056768K
  class space    used 632K, capacity 656K, committed 768K, reserved 1048576K
}
Event: 8.101 GC heap before
{Heap before GC invocations=14 (full 2):
 PSYoungGen      total 558080K, used 521137K [0x000000076ab00000, 0x0000000798700000, 0x00000007c0000000)
  eden space 452608K, 100% used [0x000000076ab00000,0x0000000786500000,0x0000000786500000)
  from space 105472K, 64% used [0x0000000786500000,0x000000078a7ec558,0x000000078cc00000)
  to   space 110592K, 0% used [0x0000000791b00000,0x0000000791b00000,0x0000000798700000)
 ParOldGen       total 366080K, used 211031K [0x00000006c0000000, 0x00000006d6580000, 0x000000076ab00000)
  object space 366080K, 57% used [0x00000006c0000000,0x00000006cce15e88,0x00000006d6580000)
 Metaspace       used 6737K, capacity 7320K, committed 7680K, reserved 1056768K
  class space    used 634K, capacity 656K, committed 768K, reserved 1048576K
Event: 8.200 GC heap after
Heap after GC invocations=14 (full 2):
 PSYoungGen      total 563200K, used 110584K [0x000000076ab00000, 0x0000000798700000, 0x00000007c0000000)
  eden space 452608K, 0% used [0x000000076ab00000,0x000000076ab00000,0x0000000786500000)
  from space 110592K, 99% used [0x0000000791b00000,0x00000007986fe000,0x0000000798700000)
  to   space 105472K, 0% used [0x0000000786500000,0x0000000786500000,0x000000078cc00000)
 ParOldGen       total 366080K, used 224394K [0x00000006c0000000, 0x00000006d6580000, 0x000000076ab00000)
  object space 366080K, 61% used [0x00000006c0000000,0x00000006cdb22880,0x00000006d6580000)
 Metaspace       used 6737K, capacity 7320K, committed 7680K, reserved 1056768K
  class space    used 634K, capacity 656K, committed 768K, reserved 1048576K
}
Event: 8.952 GC heap before
{Heap before GC invocations=15 (full 2):
 PSYoungGen      total 563200K, used 563192K [0x000000076ab00000, 0x0000000798700000, 0x00000007c0000000)
  eden space 452608K, 100% used [0x000000076ab00000,0x0000000786500000,0x0000000786500000)
  from space 110592K, 99% used [0x0000000791b00000,0x00000007986fe000,0x0000000798700000)
  to   space 105472K, 0% used [0x0000000786500000,0x0000000786500000,0x000000078cc00000)
 ParOldGen       total 366080K, used 224394K [0x00000006c0000000, 0x00000006d6580000, 0x000000076ab00000)
  object space 366080K, 61% used [0x00000006c0000000,0x00000006cdb22880,0x00000006d6580000)
 Metaspace       used 6759K, capacity 7320K, committed 7680K, reserved 1056768K
  class space    used 635K, capacity 656K, committed 768K, reserved 1048576K
Event: 9.128 GC heap after
Heap after GC invocations=15 (full 2):
 PSYoungGen      total 558080K, used 105467K [0x000000076ab00000, 0x0000000798700000, 0x00000007c0000000)
  eden space 452608K, 0% used [0x000000076ab00000,0x000000076ab00000,0x0000000786500000)
  from space 105472K, 99% used [0x0000000786500000,0x000000078cbfee98,0x000000078cc00000)
  to   space 110592K, 0% used [0x0000000791b00000,0x0000000791b00000,0x0000000798700000)
 ParOldGen       total 366080K, used 299082K [0x00000006c0000000, 0x00000006d6580000, 0x000000076ab00000)
  object space 366080K, 81% used [0x00000006c0000000,0x00000006d24129b0,0x00000006d6580000)
 Metaspace       used 6759K, capacity 7320K, committed 7680K, reserved 1056768K
  class space    used 635K, capacity 656K, committed 768K, reserved 1048576K
}
Event: 9.128 GC heap before
{Heap before GC invocations=16 (full 3):
 PSYoungGen      total 558080K, used 105467K [0x000000076ab00000, 0x0000000798700000, 0x00000007c0000000)
  eden space 452608K, 0% used [0x000000076ab00000,0x000000076ab00000,0x0000000786500000)
  from space 105472K, 99% used [0x0000000786500000,0x000000078cbfee98,0x000000078cc00000)
  to   space 110592K, 0% used [0x0000000791b00000,0x0000000791b00000,0x0000000798700000)
 ParOldGen       total 366080K, used 299082K [0x00000006c0000000, 0x00000006d6580000, 0x000000076ab00000)
  object space 366080K, 81% used [0x00000006c0000000,0x00000006d24129b0,0x00000006d6580000)
 Metaspace       used 6759K, capacity 7320K, committed 7680K, reserved 1056768K
  class space    used 635K, capacity 656K, committed 768K, reserved 1048576K
Event: 10.193 GC heap after
Heap after GC invocations=16 (full 3):
 PSYoungGen      total 558080K, used 31101K [0x000000076ab00000, 0x0000000798700000, 0x00000007c0000000)
  eden space 452608K, 0% used [0x000000076ab00000,0x000000076ab00000,0x0000000786500000)
  from space 105472K, 29% used [0x0000000786500000,0x000000078835f400,0x000000078cc00000)
  to   space 110592K, 0% used [0x0000000791b00000,0x0000000791b00000,0x0000000798700000)
 ParOldGen       total 366080K, used 365955K [0x00000006c0000000, 0x00000006d6580000, 0x000000076ab00000)
  object space 366080K, 99% used [0x00000006c0000000,0x00000006d6560ca0,0x00000006d6580000)
 Metaspace       used 6759K, capacity 7320K, committed 7680K, reserved 1056768K
  class space    used 635K, capacity 656K, committed 768K, reserved 1048576K
}
Event: 10.886 GC heap before
{Heap before GC invocations=17 (full 4):
 PSYoungGen      total 558080K, used 483709K [0x000000076ab00000, 0x0000000798700000, 0x00000007c0000000)
  eden space 452608K, 100% used [0x000000076ab00000,0x0000000786500000,0x0000000786500000)
  from space 105472K, 29% used [0x0000000786500000,0x000000078835f400,0x000000078cc00000)
  to   space 110592K, 0% used [0x0000000791b00000,0x0000000791b00000,0x0000000798700000)
 ParOldGen       total 366080K, used 365955K [0x00000006c0000000, 0x00000006d6580000, 0x000000076ab00000)
  object space 366080K, 99% used [0x00000006c0000000,0x00000006d6560ca0,0x00000006d6580000)
 Metaspace       used 6759K, capacity 7320K, committed 7680K, reserved 1056768K
  class space    used 635K, capacity 656K, committed 768K, reserved 1048576K
Event: 12.030 GC heap after
Heap after GC invocations=17 (full 4):
 PSYoungGen      total 558080K, used 100594K [0x000000076ab00000, 0x0000000798700000, 0x00000007c0000000)
  eden space 452608K, 22% used [0x000000076ab00000,0x0000000770d3cad8,0x0000000786500000)
  from space 105472K, 0% used [0x0000000786500000,0x0000000786500000,0x000000078cc00000)
  to   space 110592K, 0% used [0x0000000791b00000,0x0000000791b00000,0x0000000798700000)
 ParOldGen       total 366080K, used 366058K [0x00000006c0000000, 0x00000006d6580000, 0x000000076ab00000)
  object space 366080K, 99% used [0x00000006c0000000,0x00000006d657a890,0x00000006d6580000)
 Metaspace       used 6759K, capacity 7320K, committed 7680K, reserved 1056768K
  class space    used 635K, capacity 656K, committed 768K, reserved 1048576K
}

