# JRE version: Java(TM) SE Runtime Environment (8.0_101-b13) (build 1.8.0_101-b13)
# Java VM: Java HotSpot(TM) 64-Bit Server VM (25.101-b13 mixed mode windows-amd64 compressed oops)
Heap:
 PSYoungGen      total 800768K, used 763177K [0x000000076ab00000, 0x00000007af380000, 0x00000007c0000000)
  eden space 582656K, 100% used [0x000000076ab00000,0x000000078e400000,0x000000078e400000)
  from space 218112K, 82% used [0x00000007a1e80000,0x00000007aceca750,0x00000007af380000)
  to   space 182784K, 56% used [0x000000078e400000,0x00000007947fd2f0,0x0000000799680000)
 ParOldGen       total 598528K, used 480422K [0x00000006c0000000, 0x00000006e4880000, 0x000000076ab00000)
  object space 598528K, 80% used [0x00000006c0000000,0x00000006dd529a50,0x00000006e4880000)
 Metaspace       used 6771K, capacity 7320K, committed 7680K, reserved 1056768K
  class space    used 635K, capacity 656K, committed 768K, reserved 1048576K
GC Heap History (10 events):
Event: 8.621 GC heap after
Heap after GC invocations=15 (full 2):
 PSYoungGen      total 634880K, used 130046K [0x000000076ab00000, 0x00000007a3e80000, 0x00000007c0000000)
  eden space 504832K, 0% used [0x000000076ab00000,0x000000076ab00000,0x0000000789800000)
  from space 130048K, 99% used [0x0000000789800000,0x00000007916ffa78,0x0000000791700000)
  to   space 172032K, 0% used [0x0000000799680000,0x0000000799680000,0x00000007a3e80000)
 ParOldGen       total 370176K, used 274470K [0x00000006c0000000, 0x00000006d6980000, 0x000000076ab00000)
  object space 370176K, 74% used [0x00000006c0000000,0x00000006d0c09a18,0x00000006d6980000)
 Metaspace       used 6757K, capacity 7320K, committed 7680K, reserved 1056768K
  class space    used 633K, capacity 656K, committed 768K, reserved 1048576K
}
Event: 9.541 GC heap before
{Heap before GC invocations=16 (full 2):
 PSYoungGen      total 634880K, used 634878K [0x000000076ab00000, 0x00000007a3e80000, 0x00000007c0000000)
  eden space 504832K, 100% used [0x000000076ab00000,0x0000000789800000,0x0000000789800000)
  from space 130048K, 99% used [0x0000000789800000,0x00000007916ffa78,0x0000000791700000)
  to   space 172032K, 0% used [0x0000000799680000,0x0000000799680000,0x00000007a3e80000)
 ParOldGen       total 370176K, used 274470K [0x00000006c0000000, 0x00000006d6980000, 0x000000076ab00000)
  object space 370176K, 74% used [0x00000006c0000000,0x00000006d0c09a18,0x00000006d6980000)
 Metaspace       used 6759K, capacity 7320K, committed 7680K, reserved 1056768K
  class space    used 633K, capacity 656K, committed 768K, reserved 1048576K
Event: 9.781 GC heap after
Heap after GC invocations=16 (full 2):
 PSYoungGen      total 754688K, used 119603K [0x000000076ab00000, 0x00000007a6200000, 0x00000007c0000000)
  eden space 582656K, 0% used [0x000000076ab00000,0x000000076ab00000,0x000000078e400000)
  from space 172032K, 69% used [0x0000000799680000,0x00000007a0b4cc98,0x00000007a3e80000)
  to   space 182784K, 0% used [0x000000078e400000,0x000000078e400000,0x0000000799680000)
 ParOldGen       total 370176K, used 366702K [0x00000006c0000000, 0x00000006d6980000, 0x000000076ab00000)
  object space 370176K, 99% used [0x00000006c0000000,0x00000006d661ba68,0x00000006d6980000)
 Metaspace       used 6759K, capacity 7320K, committed 7680K, reserved 1056768K
  class space    used 633K, capacity 656K, committed 768K, reserved 1048576K
}
Event: 9.781 GC heap before
{Heap before GC invocations=17 (full 3):
 PSYoungGen      total 754688K, used 119603K [0x000000076ab00000, 0x00000007a6200000, 0x00000007c0000000)
  eden space 582656K, 0% used [0x000000076ab00000,0x000000076ab00000,0x000000078e400000)
  from space 172032K, 69% used [0x0000000799680000,0x00000007a0b4cc98,0x00000007a3e80000)
  to   space 182784K, 0% used [0x000000078e400000,0x000000078e400000,0x0000000799680000)
 ParOldGen       total 370176K, used 366702K [0x00000006c0000000, 0x00000006d6980000, 0x000000076ab00000)
  object space 370176K, 99% used [0x00000006c0000000,0x00000006d661ba68,0x00000006d6980000)
 Metaspace       used 6759K, capacity 7320K, committed 7680K, reserved 1056768K
  class space    used 633K, capacity 656K, committed 768K, reserved 1048576K
Event: 11.776 GC heap after
Heap after GC invocations=17 (full 3):
 PSYoungGen      total 754688K, used 105681K [0x000000076ab00000, 0x00000007a6200000, 0x00000007c0000000)
  eden space 582656K, 0% used [0x000000076ab00000,0x000000076ab00000,0x000000078e400000)
  from space 172032K, 61% used [0x0000000799680000,0x000000079fdb4700,0x00000007a3e80000)
  to   space 182784K, 0% used [0x000000078e400000,0x000000078e400000,0x0000000799680000)
 ParOldGen       total 598528K, used 370124K [0x00000006c0000000, 0x00000006e4880000, 0x000000076ab00000)
  object space 598528K, 61% used [0x00000006c0000000,0x00000006d6973248,0x00000006e4880000)
 Metaspace       used 6759K, capacity 7320K, committed 7680K, reserved 1056768K
  class space    used 633K, capacity 656K, committed 768K, reserved 1048576K
}
Event: 12.763 GC heap before
{Heap before GC invocations=18 (full 3):
 PSYoungGen      total 754688K, used 688337K [0x000000076ab00000, 0x00000007a6200000, 0x00000007c0000000)
  eden space 582656K, 100% used [0x000000076ab00000,0x000000078e400000,0x000000078e400000)
  from space 172032K, 61% used [0x0000000799680000,0x000000079fdb4700,0x00000007a3e80000)
  to   space 182784K, 0% used [0x000000078e400000,0x000000078e400000,0x0000000799680000)
 ParOldGen       total 598528K, used 370124K [0x00000006c0000000, 0x00000006e4880000, 0x000000076ab00000)
  object space 598528K, 61% used [0x00000006c0000000,0x00000006d6973248,0x00000006e4880000)
 Metaspace       used 6766K, capacity 7320K, committed 7680K, reserved 1056768K
  class space    used 634K, capacity 656K, committed 768K, reserved 1048576K
Event: 13.010 GC heap after
Heap after GC invocations=18 (full 3):
 PSYoungGen      total 765440K, used 182761K [0x000000076ab00000, 0x00000007af380000, 0x00000007c0000000)
  eden space 582656K, 0% used [0x000000076ab00000,0x000000076ab00000,0x000000078e400000)
  from space 182784K, 99% used [0x000000078e400000,0x000000079967a700,0x0000000799680000)
  to   space 218112K, 0% used [0x00000007a1e80000,0x00000007a1e80000,0x00000007af380000)
 ParOldGen       total 598528K, used 381014K [0x00000006c0000000, 0x00000006e4880000, 0x000000076ab00000)
  object space 598528K, 63% used [0x00000006c0000000,0x00000006d7415a00,0x00000006e4880000)
 Metaspace       used 6766K, capacity 7320K, committed 7680K, reserved 1056768K
  class space    used 634K, capacity 656K, committed 768K, reserved 1048576K
}
Event: 13.886 GC heap before
{Heap before GC invocations=19 (full 3):
 PSYoungGen      total 765440K, used 765417K [0x000000076ab00000, 0x00000007af380000, 0x00000007c0000000)
  eden space 582656K, 100% used [0x000000076ab00000,0x000000078e400000,0x000000078e400000)
  from space 182784K, 99% used [0x000000078e400000,0x000000079967a700,0x0000000799680000)
  to   space 218112K, 0% used [0x00000007a1e80000,0x00000007a1e80000,0x00000007af380000)
 ParOldGen       total 598528K, used 381014K [0x00000006c0000000, 0x00000006e4880000, 0x000000076ab00000)
  object space 598528K, 63% used [0x00000006c0000000,0x00000006d7415a00,0x00000006e4880000)
 Metaspace       used 6770K, capacity 7320K, committed 7680K, reserved 1056768K
  class space    used 635K, capacity 656K, committed 768K, reserved 1048576K
Event: 14.130 GC heap after
Heap after GC invocations=19 (full 3):
 PSYoungGen      total 800768K, used 180521K [0x000000076ab00000, 0x00000007af380000, 0x00000007c0000000)
  eden space 582656K, 0% used [0x000000076ab00000,0x000000076ab00000,0x000000078e400000)
  from space 218112K, 82% used [0x00000007a1e80000,0x00000007aceca750,0x00000007af380000)
  to   space 182784K, 0% used [0x000000078e400000,0x000000078e400000,0x0000000799680000)
 ParOldGen       total 598528K, used 480422K [0x00000006c0000000, 0x00000006e4880000, 0x000000076ab00000)
  object space 598528K, 80% used [0x00000006c0000000,0x00000006dd529a50,0x00000006e4880000)
 Metaspace       used 6770K, capacity 7320K, committed 7680K, reserved 1056768K
  class space    used 635K, capacity 656K, committed 768K, reserved 1048576K
}
Event: 15.003 GC heap before
{Heap before GC invocations=20 (full 3):
 PSYoungGen      total 800768K, used 763177K [0x000000076ab00000, 0x00000007af380000, 0x00000007c0000000)
  eden space 582656K, 100% used [0x000000076ab00000,0x000000078e400000,0x000000078e400000)
  from space 218112K, 82% used [0x00000007a1e80000,0x00000007aceca750,0x00000007af380000)
  to   space 182784K, 0% used [0x000000078e400000,0x000000078e400000,0x0000000799680000)
 ParOldGen       total 598528K, used 480422K [0x00000006c0000000, 0x00000006e4880000, 0x000000076ab00000)
  object space 598528K, 80% used [0x00000006c0000000,0x00000006dd529a50,0x00000006e4880000)
 Metaspace       used 6771K, capacity 7320K, committed 7680K, reserved 1056768K
  class space    used 635K, capacity 656K, committed 768K, reserved 1048576K

