# JRE version: Java(TM) SE Runtime Environment (8.0_101-b13) (build 1.8.0_101-b13)
# Java VM: Java HotSpot(TM) 64-Bit Server VM (25.101-b13 mixed mode windows-amd64 compressed oops)
Heap:
 PSYoungGen      total 471040K, used 449221K [0x000000076ab00000, 0x0000000798180000, 0x00000007c0000000)
  eden space 452608K, 96% used [0x000000076ab00000,0x000000078576ead0,0x0000000786500000)
  from space 18432K, 57% used [0x000000078cc80000,0x000000078d6c2c28,0x000000078de80000)
  to   space 105984K, 0% used [0x0000000786500000,0x0000000786500000,0x000000078cc80000)
 ParOldGen       total 370176K, used 211180K [0x00000006c0000000, 0x00000006d6980000, 0x000000076ab00000)
  object space 370176K, 57% used [0x00000006c0000000,0x00000006cce3b010,0x00000006d6980000)
 Metaspace       used 6709K, capacity 7320K, committed 7680K, reserved 1056768K
  class space    used 630K, capacity 656K, committed 768K, reserved 1048576K
GC Heap History (10 events):
Event: 2.449 GC heap before
{Heap before GC invocations=8 (full 1):
 PSYoungGen      total 293376K, used 31718K [0x000000076ab00000, 0x0000000791000000, 0x00000007c0000000)
  eden space 261632K, 0% used [0x000000076ab00000,0x000000076ab00000,0x000000077aa80000)
  from space 31744K, 99% used [0x000000077aa80000,0x000000077c9798d0,0x000000077c980000)
  to   space 52224K, 0% used [0x000000078dd00000,0x000000078dd00000,0x0000000791000000)
 ParOldGen       total 87552K, used 61534K [0x00000006c0000000, 0x00000006c5580000, 0x000000076ab00000)
  object space 87552K, 70% used [0x00000006c0000000,0x00000006c3c17bd8,0x00000006c5580000)
 Metaspace       used 6657K, capacity 7320K, committed 7680K, reserved 1056768K
  class space    used 630K, capacity 656K, committed 768K, reserved 1048576K
Event: 2.808 GC heap after
Heap after GC invocations=8 (full 1):
 PSYoungGen      total 293376K, used 2527K [0x000000076ab00000, 0x0000000791000000, 0x00000007c0000000)
  eden space 261632K, 0% used [0x000000076ab00000,0x000000076ab00000,0x000000077aa80000)
  from space 31744K, 7% used [0x000000077aa80000,0x000000077acf7e00,0x000000077c980000)
  to   space 52224K, 0% used [0x000000078dd00000,0x000000078dd00000,0x0000000791000000)
 ParOldGen       total 171520K, used 87202K [0x00000006c0000000, 0x00000006ca780000, 0x000000076ab00000)
  object space 171520K, 50% used [0x00000006c0000000,0x00000006c5528880,0x00000006ca780000)
 Metaspace       used 6657K, capacity 7320K, committed 7680K, reserved 1056768K
  class space    used 630K, capacity 656K, committed 768K, reserved 1048576K
}
Event: 3.311 GC heap before
{Heap before GC invocations=9 (full 1):
 PSYoungGen      total 293376K, used 264159K [0x000000076ab00000, 0x0000000791000000, 0x00000007c0000000)
  eden space 261632K, 100% used [0x000000076ab00000,0x000000077aa80000,0x000000077aa80000)
  from space 31744K, 7% used [0x000000077aa80000,0x000000077acf7e00,0x000000077c980000)
  to   space 52224K, 0% used [0x000000078dd00000,0x000000078dd00000,0x0000000791000000)
 ParOldGen       total 171520K, used 87202K [0x00000006c0000000, 0x00000006ca780000, 0x000000076ab00000)
  object space 171520K, 50% used [0x00000006c0000000,0x00000006c5528880,0x00000006ca780000)
 Metaspace       used 6670K, capacity 7320K, committed 7680K, reserved 1056768K
  class space    used 630K, capacity 656K, committed 768K, reserved 1048576K
Event: 3.356 GC heap after
Heap after GC invocations=9 (full 1):
 PSYoungGen      total 384512K, used 40240K [0x000000076ab00000, 0x0000000790480000, 0x00000007c0000000)
  eden space 344064K, 0% used [0x000000076ab00000,0x000000076ab00000,0x000000077fb00000)
  from space 40448K, 99% used [0x000000078dd00000,0x000000079044c088,0x0000000790480000)
  to   space 57344K, 0% used [0x0000000789480000,0x0000000789480000,0x000000078cc80000)
 ParOldGen       total 171520K, used 87202K [0x00000006c0000000, 0x00000006ca780000, 0x000000076ab00000)
  object space 171520K, 50% used [0x00000006c0000000,0x00000006c5528880,0x00000006ca780000)
 Metaspace       used 6670K, capacity 7320K, committed 7680K, reserved 1056768K
  class space    used 630K, capacity 656K, committed 768K, reserved 1048576K
}
Event: 3.973 GC heap before
{Heap before GC invocations=10 (full 1):
 PSYoungGen      total 384512K, used 384304K [0x000000076ab00000, 0x0000000790480000, 0x00000007c0000000)
  eden space 344064K, 100% used [0x000000076ab00000,0x000000077fb00000,0x000000077fb00000)
  from space 40448K, 99% used [0x000000078dd00000,0x000000079044c088,0x0000000790480000)
  to   space 57344K, 0% used [0x0000000789480000,0x0000000789480000,0x000000078cc80000)
 ParOldGen       total 171520K, used 87202K [0x00000006c0000000, 0x00000006ca780000, 0x000000076ab00000)
  object space 171520K, 50% used [0x00000006c0000000,0x00000006c5528880,0x00000006ca780000)
 Metaspace       used 6677K, capacity 7320K, committed 7680K, reserved 1056768K
  class space    used 630K, capacity 656K, committed 768K, reserved 1048576K
Event: 4.083 GC heap after
Heap after GC invocations=10 (full 1):
 PSYoungGen      total 481792K, used 57314K [0x000000076ab00000, 0x000000078de80000, 0x00000007c0000000)
  eden space 424448K, 0% used [0x000000076ab00000,0x000000076ab00000,0x0000000784980000)
  from space 57344K, 99% used [0x0000000789480000,0x000000078cc788f8,0x000000078cc80000)
  to   space 18432K, 0% used [0x000000078cc80000,0x000000078cc80000,0x000000078de80000)
 ParOldGen       total 171520K, used 107911K [0x00000006c0000000, 0x00000006ca780000, 0x000000076ab00000)
  object space 171520K, 62% used [0x00000006c0000000,0x00000006c6961ec8,0x00000006ca780000)
 Metaspace       used 6677K, capacity 7320K, committed 7680K, reserved 1056768K
  class space    used 630K, capacity 656K, committed 768K, reserved 1048576K
}
Event: 4.990 GC heap before
{Heap before GC invocations=11 (full 1):
 PSYoungGen      total 481792K, used 481762K [0x000000076ab00000, 0x000000078de80000, 0x00000007c0000000)
  eden space 424448K, 100% used [0x000000076ab00000,0x0000000784980000,0x0000000784980000)
  from space 57344K, 99% used [0x0000000789480000,0x000000078cc788f8,0x000000078cc80000)
  to   space 18432K, 0% used [0x000000078cc80000,0x000000078cc80000,0x000000078de80000)
 ParOldGen       total 171520K, used 107911K [0x00000006c0000000, 0x00000006ca780000, 0x000000076ab00000)
  object space 171520K, 62% used [0x00000006c0000000,0x00000006c6961ec8,0x00000006ca780000)
 Metaspace       used 6703K, capacity 7320K, committed 7680K, reserved 1056768K
  class space    used 630K, capacity 656K, committed 768K, reserved 1048576K
Event: 5.126 GC heap after
Heap after GC invocations=11 (full 1):
 PSYoungGen      total 471040K, used 18423K [0x000000076ab00000, 0x0000000798180000, 0x00000007c0000000)
  eden space 452608K, 0% used [0x000000076ab00000,0x000000076ab00000,0x0000000786500000)
  from space 18432K, 99% used [0x000000078cc80000,0x000000078de7df70,0x000000078de80000)
  to   space 105984K, 0% used [0x0000000786500000,0x0000000786500000,0x000000078cc80000)
 ParOldGen       total 211456K, used 211413K [0x00000006c0000000, 0x00000006cce80000, 0x000000076ab00000)
  object space 211456K, 99% used [0x00000006c0000000,0x00000006cce75538,0x00000006cce80000)
 Metaspace       used 6703K, capacity 7320K, committed 7680K, reserved 1056768K
  class space    used 630K, capacity 656K, committed 768K, reserved 1048576K
}
Event: 5.126 GC heap before
{Heap before GC invocations=12 (full 2):
 PSYoungGen      total 471040K, used 18423K [0x000000076ab00000, 0x0000000798180000, 0x00000007c0000000)
  eden space 452608K, 0% used [0x000000076ab00000,0x000000076ab00000,0x0000000786500000)
  from space 18432K, 99% used [0x000000078cc80000,0x000000078de7df70,0x000000078de80000)
  to   space 105984K, 0% used [0x0000000786500000,0x0000000786500000,0x000000078cc80000)
 ParOldGen       total 211456K, used 211413K [0x00000006c0000000, 0x00000006cce80000, 0x000000076ab00000)
  object space 211456K, 99% used [0x00000006c0000000,0x00000006cce75538,0x00000006cce80000)
 Metaspace       used 6703K, capacity 7320K, committed 7680K, reserved 1056768K
  class space    used 630K, capacity 656K, committed 768K, reserved 1048576K
Event: 6.166 GC heap after
Heap after GC invocations=12 (full 2):
 PSYoungGen      total 471040K, used 10507K [0x000000076ab00000, 0x0000000798180000, 0x00000007c0000000)
  eden space 452608K, 0% used [0x000000076ab00000,0x000000076ab00000,0x0000000786500000)
  from space 18432K, 57% used [0x000000078cc80000,0x000000078d6c2c28,0x000000078de80000)
  to   space 105984K, 0% used [0x0000000786500000,0x0000000786500000,0x000000078cc80000)
 ParOldGen       total 370176K, used 211180K [0x00000006c0000000, 0x00000006d6980000, 0x000000076ab00000)
  object space 370176K, 57% used [0x00000006c0000000,0x00000006cce3b010,0x00000006d6980000)
 Metaspace       used 6703K, capacity 7320K, committed 7680K, reserved 1056768K
  class space    used 630K, capacity 656K, committed 768K, reserved 1048576K
}

