# JRE version: Java(TM) SE Runtime Environment (8.0_101-b13) (build 1.8.0_101-b13)
# Java VM: Java HotSpot(TM) 64-Bit Server VM (25.101-b13 mixed mode windows-amd64 compressed oops)
Heap:
 PSYoungGen      total 772608K, used 305399K [0x000000076ab00000, 0x00000007af780000, 0x00000007c0000000)
  eden space 582656K, 29% used [0x000000076ab00000,0x000000077542bf68,0x000000078e400000)
  from space 189952K, 69% used [0x000000078e400000,0x0000000796511f28,0x0000000799d80000)
  to   space 221696K, 0% used [0x00000007a1f00000,0x00000007a1f00000,0x00000007af780000)
 ParOldGen       total 594944K, used 594826K [0x00000006c0000000, 0x00000006e4500000, 0x000000076ab00000)
  object space 594944K, 99% used [0x00000006c0000000,0x00000006e44e28c8,0x00000006e4500000)
 Metaspace       used 6749K, capacity 7320K, committed 7680K, reserved 1056768K
  class space    used 635K, capacity 656K, committed 768K, reserved 1048576K
GC Heap History (10 events):
Event: 9.491 GC heap before
{Heap before GC invocations=17 (full 3):
 PSYoungGen      total 755200K, used 138655K [0x000000076ab00000, 0x00000007a7000000, 0x00000007c0000000)
  eden space 582656K, 0% used [0x000000076ab00000,0x000000076ab00000,0x000000078e400000)
  from space 172544K, 80% used [0x0000000799d80000,0x00000007a24e7fe0,0x00000007a4600000)
  to   space 189952K, 0% used [0x000000078e400000,0x000000078e400000,0x0000000799d80000)
 ParOldGen       total 372736K, used 344510K [0x00000006c0000000, 0x00000006d6c00000, 0x000000076ab00000)
  object space 372736K, 92% used [0x00000006c0000000,0x00000006d506f990,0x00000006d6c00000)
 Metaspace       used 6738K, capacity 7320K, committed 7680K, reserved 1056768K
  class space    used 633K, capacity 656K, committed 768K, reserved 1048576K
Event: 11.499 GC heap after
Heap after GC invocations=17 (full 3):
 PSYoungGen      total 755200K, used 100248K [0x000000076ab00000, 0x00000007a7000000, 0x00000007c0000000)
  eden space 582656K, 0% used [0x000000076ab00000,0x000000076ab00000,0x000000078e400000)
  from space 172544K, 58% used [0x0000000799d80000,0x000000079ff660f0,0x00000007a4600000)
  to   space 189952K, 0% used [0x000000078e400000,0x000000078e400000,0x0000000799d80000)
 ParOldGen       total 594944K, used 372648K [0x00000006c0000000, 0x00000006e4500000, 0x000000076ab00000)
  object space 594944K, 62% used [0x00000006c0000000,0x00000006d6bea3d0,0x00000006e4500000)
 Metaspace       used 6738K, capacity 7320K, committed 7680K, reserved 1056768K
  class space    used 633K, capacity 656K, committed 768K, reserved 1048576K
}
Event: 12.516 GC heap before
{Heap before GC invocations=18 (full 3):
 PSYoungGen      total 755200K, used 682904K [0x000000076ab00000, 0x00000007a7000000, 0x00000007c0000000)
  eden space 582656K, 100% used [0x000000076ab00000,0x000000078e400000,0x000000078e400000)
  from space 172544K, 58% used [0x0000000799d80000,0x000000079ff660f0,0x00000007a4600000)
  to   space 189952K, 0% used [0x000000078e400000,0x000000078e400000,0x0000000799d80000)
 ParOldGen       total 594944K, used 372648K [0x00000006c0000000, 0x00000006e4500000, 0x000000076ab00000)
  object space 594944K, 62% used [0x00000006c0000000,0x00000006d6bea3d0,0x00000006e4500000)
 Metaspace       used 6745K, capacity 7320K, committed 7680K, reserved 1056768K
  class space    used 634K, capacity 656K, committed 768K, reserved 1048576K
Event: 12.705 GC heap after
Heap after GC invocations=18 (full 3):
 PSYoungGen      total 772608K, used 187114K [0x000000076ab00000, 0x00000007af780000, 0x00000007c0000000)
  eden space 582656K, 0% used [0x000000076ab00000,0x000000076ab00000,0x000000078e400000)
  from space 189952K, 98% used [0x000000078e400000,0x0000000799aba808,0x0000000799d80000)
  to   space 221696K, 0% used [0x00000007a1f00000,0x00000007a1f00000,0x00000007af780000)
 ParOldGen       total 594944K, used 372656K [0x00000006c0000000, 0x00000006e4500000, 0x000000076ab00000)
  object space 594944K, 62% used [0x00000006c0000000,0x00000006d6bec3d0,0x00000006e4500000)
 Metaspace       used 6745K, capacity 7320K, committed 7680K, reserved 1056768K
  class space    used 634K, capacity 656K, committed 768K, reserved 1048576K
}
Event: 13.656 GC heap before
{Heap before GC invocations=19 (full 3):
 PSYoungGen      total 772608K, used 769770K [0x000000076ab00000, 0x00000007af780000, 0x00000007c0000000)
  eden space 582656K, 100% used [0x000000076ab00000,0x000000078e400000,0x000000078e400000)
  from space 189952K, 98% used [0x000000078e400000,0x0000000799aba808,0x0000000799d80000)
  to   space 221696K, 0% used [0x00000007a1f00000,0x00000007a1f00000,0x00000007af780000)
 ParOldGen       total 594944K, used 372656K [0x00000006c0000000, 0x00000006e4500000, 0x000000076ab00000)
  object space 594944K, 62% used [0x00000006c0000000,0x00000006d6bec3d0,0x00000006e4500000)
 Metaspace       used 6749K, capacity 7320K, committed 7680K, reserved 1056768K
  class space    used 635K, capacity 656K, committed 768K, reserved 1048576K
Event: 13.882 GC heap after
Heap after GC invocations=19 (full 3):
 PSYoungGen      total 804352K, used 221676K [0x000000076ab00000, 0x00000007af780000, 0x00000007c0000000)
  eden space 582656K, 0% used [0x000000076ab00000,0x000000076ab00000,0x000000078e400000)
  from space 221696K, 99% used [0x00000007a1f00000,0x00000007af77b368,0x00000007af780000)
  to   space 189952K, 0% used [0x000000078e400000,0x000000078e400000,0x0000000799d80000)
 ParOldGen       total 594944K, used 432825K [0x00000006c0000000, 0x00000006e4500000, 0x000000076ab00000)
  object space 594944K, 72% used [0x00000006c0000000,0x00000006da6ae4c0,0x00000006e4500000)
 Metaspace       used 6749K, capacity 7320K, committed 7680K, reserved 1056768K
  class space    used 635K, capacity 656K, committed 768K, reserved 1048576K
}
Event: 14.692 GC heap before
{Heap before GC invocations=20 (full 3):
 PSYoungGen      total 804352K, used 804332K [0x000000076ab00000, 0x00000007af780000, 0x00000007c0000000)
  eden space 582656K, 100% used [0x000000076ab00000,0x000000078e400000,0x000000078e400000)
  from space 221696K, 99% used [0x00000007a1f00000,0x00000007af77b368,0x00000007af780000)
  to   space 189952K, 0% used [0x000000078e400000,0x000000078e400000,0x0000000799d80000)
 ParOldGen       total 594944K, used 432825K [0x00000006c0000000, 0x00000006e4500000, 0x000000076ab00000)
  object space 594944K, 72% used [0x00000006c0000000,0x00000006da6ae4c0,0x00000006e4500000)
 Metaspace       used 6749K, capacity 7320K, committed 7680K, reserved 1056768K
  class space    used 635K, capacity 656K, committed 768K, reserved 1048576K
Event: 14.926 GC heap after
Heap after GC invocations=20 (full 3):
 PSYoungGen      total 772608K, used 189943K [0x000000076ab00000, 0x00000007af780000, 0x00000007c0000000)
  eden space 582656K, 0% used [0x000000076ab00000,0x000000076ab00000,0x000000078e400000)
  from space 189952K, 99% used [0x000000078e400000,0x0000000799d7df08,0x0000000799d80000)
  to   space 221696K, 0% used [0x00000007a1f00000,0x00000007a1f00000,0x00000007af780000)
 ParOldGen       total 594944K, used 547897K [0x00000006c0000000, 0x00000006e4500000, 0x000000076ab00000)
  object space 594944K, 92% used [0x00000006c0000000,0x00000006e170e7c8,0x00000006e4500000)
 Metaspace       used 6749K, capacity 7320K, committed 7680K, reserved 1056768K
  class space    used 635K, capacity 656K, committed 768K, reserved 1048576K
}
Event: 14.926 GC heap before
{Heap before GC invocations=21 (full 4):
 PSYoungGen      total 772608K, used 189943K [0x000000076ab00000, 0x00000007af780000, 0x00000007c0000000)
  eden space 582656K, 0% used [0x000000076ab00000,0x000000076ab00000,0x000000078e400000)
  from space 189952K, 99% used [0x000000078e400000,0x0000000799d7df08,0x0000000799d80000)
  to   space 221696K, 0% used [0x00000007a1f00000,0x00000007a1f00000,0x00000007af780000)
 ParOldGen       total 594944K, used 547897K [0x00000006c0000000, 0x00000006e4500000, 0x000000076ab00000)
  object space 594944K, 92% used [0x00000006c0000000,0x00000006e170e7c8,0x00000006e4500000)
 Metaspace       used 6749K, capacity 7320K, committed 7680K, reserved 1056768K
  class space    used 635K, capacity 656K, committed 768K, reserved 1048576K
Event: 17.067 GC heap after
Heap after GC invocations=21 (full 4):
 PSYoungGen      total 772608K, used 132167K [0x000000076ab00000, 0x00000007af780000, 0x00000007c0000000)
  eden space 582656K, 0% used [0x000000076ab00000,0x000000076ab00000,0x000000078e400000)
  from space 189952K, 69% used [0x000000078e400000,0x0000000796511f28,0x0000000799d80000)
  to   space 221696K, 0% used [0x00000007a1f00000,0x00000007a1f00000,0x00000007af780000)
 ParOldGen       total 594944K, used 594826K [0x00000006c0000000, 0x00000006e4500000, 0x000000076ab00000)
  object space 594944K, 99% used [0x00000006c0000000,0x00000006e44e28c8,0x00000006e4500000)
 Metaspace       used 6749K, capacity 7320K, committed 7680K, reserved 1056768K
  class space    used 635K, capacity 656K, committed 768K, reserved 1048576K
}

