# JRE version: Java(TM) SE Runtime Environment (8.0_101-b13) (build 1.8.0_101-b13)
# Java VM: Java HotSpot(TM) 64-Bit Server VM (25.101-b13 mixed mode windows-amd64 compressed oops)
Heap:
 PSYoungGen      total 634880K, used 408540K [0x000000076ab00000, 0x000000079b400000, 0x00000007c0000000)
  eden space 504320K, 55% used [0x000000076ab00000,0x000000077ba7b110,0x0000000789780000)
  from space 130560K, 99% used [0x0000000789780000,0x00000007916fc1e0,0x0000000791700000)
  to   space 109056K, 0% used [0x0000000791700000,0x0000000791700000,0x0000000798180000)
 ParOldGen       total 375296K, used 275019K [0x00000006c0000000, 0x00000006d6e80000, 0x000000076ab00000)
  object space 375296K, 73% used [0x00000006c0000000,0x00000006d0c92ea0,0x00000006d6e80000)
 Metaspace       used 6745K, capacity 7320K, committed 7680K, reserved 1056768K
  class space    used 633K, capacity 656K, committed 768K, reserved 1048576K
GC Heap History (10 events):
Event: 5.540 GC heap before
{Heap before GC invocations=11 (full 1):
 PSYoungGen      total 460288K, used 460287K [0x000000076ab00000, 0x000000078df00000, 0x00000007c0000000)
  eden space 402432K, 100% used [0x000000076ab00000,0x0000000783400000,0x0000000783400000)
  from space 57856K, 99% used [0x0000000789580000,0x000000078cdfffc8,0x000000078ce00000)
  to   space 17408K, 0% used [0x000000078ce00000,0x000000078ce00000,0x000000078df00000)
 ParOldGen       total 174592K, used 110058K [0x00000006c0000000, 0x00000006caa80000, 0x000000076ab00000)
  object space 174592K, 63% used [0x00000006c0000000,0x00000006c6b7aa98,0x00000006caa80000)
 Metaspace       used 6700K, capacity 7320K, committed 7680K, reserved 1056768K
  class space    used 630K, capacity 656K, committed 768K, reserved 1048576K
Event: 5.662 GC heap after
Heap after GC invocations=11 (full 1):
 PSYoungGen      total 471040K, used 17393K [0x000000076ab00000, 0x0000000795500000, 0x00000007c0000000)
  eden space 453632K, 0% used [0x000000076ab00000,0x000000076ab00000,0x0000000786600000)
  from space 17408K, 99% used [0x000000078ce00000,0x000000078defc410,0x000000078df00000)
  to   space 106496K, 0% used [0x0000000786600000,0x0000000786600000,0x000000078ce00000)
 ParOldGen       total 212480K, used 211942K [0x00000006c0000000, 0x00000006ccf80000, 0x000000076ab00000)
  object space 212480K, 99% used [0x00000006c0000000,0x00000006ccef99a8,0x00000006ccf80000)
 Metaspace       used 6700K, capacity 7320K, committed 7680K, reserved 1056768K
  class space    used 630K, capacity 656K, committed 768K, reserved 1048576K
}
Event: 5.662 GC heap before
{Heap before GC invocations=12 (full 2):
 PSYoungGen      total 471040K, used 17393K [0x000000076ab00000, 0x0000000795500000, 0x00000007c0000000)
  eden space 453632K, 0% used [0x000000076ab00000,0x000000076ab00000,0x0000000786600000)
  from space 17408K, 99% used [0x000000078ce00000,0x000000078defc410,0x000000078df00000)
  to   space 106496K, 0% used [0x0000000786600000,0x0000000786600000,0x000000078ce00000)
 ParOldGen       total 212480K, used 211942K [0x00000006c0000000, 0x00000006ccf80000, 0x000000076ab00000)
  object space 212480K, 99% used [0x00000006c0000000,0x00000006ccef99a8,0x00000006ccf80000)
 Metaspace       used 6700K, capacity 7320K, committed 7680K, reserved 1056768K
  class space    used 630K, capacity 656K, committed 768K, reserved 1048576K
Event: 6.590 GC heap after
Heap after GC invocations=12 (full 2):
 PSYoungGen      total 471040K, used 8126K [0x000000076ab00000, 0x0000000795500000, 0x00000007c0000000)
  eden space 453632K, 0% used [0x000000076ab00000,0x000000076ab00000,0x0000000786600000)
  from space 17408K, 46% used [0x000000078ce00000,0x000000078d5efbd8,0x000000078df00000)
  to   space 106496K, 0% used [0x0000000786600000,0x0000000786600000,0x000000078ce00000)
 ParOldGen       total 375296K, used 212206K [0x00000006c0000000, 0x00000006d6e80000, 0x000000076ab00000)
  object space 375296K, 56% used [0x00000006c0000000,0x00000006ccf3bac0,0x00000006d6e80000)
 Metaspace       used 6700K, capacity 7320K, committed 7680K, reserved 1056768K
  class space    used 630K, capacity 656K, committed 768K, reserved 1048576K
}
Event: 7.502 GC heap before
{Heap before GC invocations=13 (full 2):
 PSYoungGen      total 471040K, used 461758K [0x000000076ab00000, 0x0000000795500000, 0x00000007c0000000)
  eden space 453632K, 100% used [0x000000076ab00000,0x0000000786600000,0x0000000786600000)
  from space 17408K, 46% used [0x000000078ce00000,0x000000078d5efbd8,0x000000078df00000)
  to   space 106496K, 0% used [0x0000000786600000,0x0000000786600000,0x000000078ce00000)
 ParOldGen       total 375296K, used 212206K [0x00000006c0000000, 0x00000006d6e80000, 0x000000076ab00000)
  object space 375296K, 56% used [0x00000006c0000000,0x00000006ccf3bac0,0x00000006d6e80000)
 Metaspace       used 6706K, capacity 7320K, committed 7680K, reserved 1056768K
  class space    used 630K, capacity 656K, committed 768K, reserved 1048576K
Event: 7.632 GC heap after
Heap after GC invocations=13 (full 2):
 PSYoungGen      total 560128K, used 63025K [0x000000076ab00000, 0x0000000798180000, 0x00000007c0000000)
  eden space 453632K, 0% used [0x000000076ab00000,0x000000076ab00000,0x0000000786600000)
  from space 106496K, 59% used [0x0000000786600000,0x000000078a38c4a0,0x000000078ce00000)
  to   space 109056K, 0% used [0x0000000791700000,0x0000000791700000,0x0000000798180000)
 ParOldGen       total 375296K, used 212322K [0x00000006c0000000, 0x00000006d6e80000, 0x000000076ab00000)
  object space 375296K, 56% used [0x00000006c0000000,0x00000006ccf589d8,0x00000006d6e80000)
 Metaspace       used 6706K, capacity 7320K, committed 7680K, reserved 1056768K
  class space    used 630K, capacity 656K, committed 768K, reserved 1048576K
}
Event: 8.565 GC heap before
{Heap before GC invocations=14 (full 2):
 PSYoungGen      total 560128K, used 516657K [0x000000076ab00000, 0x0000000798180000, 0x00000007c0000000)
  eden space 453632K, 100% used [0x000000076ab00000,0x0000000786600000,0x0000000786600000)
  from space 106496K, 59% used [0x0000000786600000,0x000000078a38c4a0,0x000000078ce00000)
  to   space 109056K, 0% used [0x0000000791700000,0x0000000791700000,0x0000000798180000)
 ParOldGen       total 375296K, used 212322K [0x00000006c0000000, 0x00000006d6e80000, 0x000000076ab00000)
  object space 375296K, 56% used [0x00000006c0000000,0x00000006ccf589d8,0x00000006d6e80000)
 Metaspace       used 6724K, capacity 7320K, committed 7680K, reserved 1056768K
  class space    used 633K, capacity 656K, committed 768K, reserved 1048576K
Event: 8.711 GC heap after
Heap after GC invocations=14 (full 2):
 PSYoungGen      total 613376K, used 109052K [0x000000076ab00000, 0x000000079b400000, 0x00000007c0000000)
  eden space 504320K, 0% used [0x000000076ab00000,0x000000076ab00000,0x0000000789780000)
  from space 109056K, 99% used [0x0000000791700000,0x000000079817f248,0x0000000798180000)
  to   space 130560K, 0% used [0x0000000789780000,0x0000000789780000,0x0000000791700000)
 ParOldGen       total 375296K, used 220920K [0x00000006c0000000, 0x00000006d6e80000, 0x000000076ab00000)
  object space 375296K, 58% used [0x00000006c0000000,0x00000006cd7be3c8,0x00000006d6e80000)
 Metaspace       used 6724K, capacity 7320K, committed 7680K, reserved 1056768K
  class space    used 633K, capacity 656K, committed 768K, reserved 1048576K
}
Event: 9.800 GC heap before
{Heap before GC invocations=15 (full 2):
 PSYoungGen      total 613376K, used 613372K [0x000000076ab00000, 0x000000079b400000, 0x00000007c0000000)
  eden space 504320K, 100% used [0x000000076ab00000,0x0000000789780000,0x0000000789780000)
  from space 109056K, 99% used [0x0000000791700000,0x000000079817f248,0x0000000798180000)
  to   space 130560K, 0% used [0x0000000789780000,0x0000000789780000,0x0000000791700000)
 ParOldGen       total 375296K, used 220920K [0x00000006c0000000, 0x00000006d6e80000, 0x000000076ab00000)
  object space 375296K, 58% used [0x00000006c0000000,0x00000006cd7be3c8,0x00000006d6e80000)
 Metaspace       used 6745K, capacity 7320K, committed 7680K, reserved 1056768K
  class space    used 633K, capacity 656K, committed 768K, reserved 1048576K
Event: 9.973 GC heap after
Heap after GC invocations=15 (full 2):
 PSYoungGen      total 634880K, used 130544K [0x000000076ab00000, 0x000000079b400000, 0x00000007c0000000)
  eden space 504320K, 0% used [0x000000076ab00000,0x000000076ab00000,0x0000000789780000)
  from space 130560K, 99% used [0x0000000789780000,0x00000007916fc1e0,0x0000000791700000)
  to   space 109056K, 0% used [0x0000000791700000,0x0000000791700000,0x0000000798180000)
 ParOldGen       total 375296K, used 275019K [0x00000006c0000000, 0x00000006d6e80000, 0x000000076ab00000)
  object space 375296K, 73% used [0x00000006c0000000,0x00000006d0c92ea0,0x00000006d6e80000)
 Metaspace       used 6745K, capacity 7320K, committed 7680K, reserved 1056768K
  class space    used 633K, capacity 656K, committed 768K, reserved 1048576K
}

