# JRE version: Java(TM) SE Runtime Environment (8.0_101-b13) (build 1.8.0_101-b13)
# Java VM: Java HotSpot(TM) 64-Bit Server VM (25.101-b13 mixed mode windows-amd64 compressed oops)
Heap:
 PSYoungGen      total 680960K, used 498831K [0x000000076ab00000, 0x00000007a5300000, 0x00000007c0000000)
  eden space 505344K, 98% used [0x000000076ab00000,0x0000000789223c68,0x0000000789880000)
  from space 175616K, 0% used [0x000000079a780000,0x000000079a780000,0x00000007a5300000)
  to   space 133120K, 0% used [0x0000000789880000,0x0000000789880000,0x0000000791a80000)
 ParOldGen       total 370688K, used 370195K [0x00000006c0000000, 0x00000006d6a00000, 0x000000076ab00000)
  object space 370688K, 99% used [0x00000006c0000000,0x00000006d6984d98,0x00000006d6a00000)
 Metaspace       used 7250K, capacity 7736K, committed 7936K, reserved 1056768K
  class space    used 657K, capacity 688K, committed 768K, reserved 1048576K
GC Heap History (10 events):
Event: 24.776 GC heap before
{Heap before GC invocations=26 (full 12):
 PSYoungGen      total 680960K, used 505344K [0x000000076ab00000, 0x00000007a5300000, 0x00000007c0000000)
  eden space 505344K, 100% used [0x000000076ab00000,0x0000000789880000,0x0000000789880000)
  from space 175616K, 0% used [0x000000079a780000,0x000000079a780000,0x00000007a5300000)
  to   space 133120K, 0% used [0x0000000789880000,0x0000000789880000,0x0000000791a80000)
 ParOldGen       total 370688K, used 370670K [0x00000006c0000000, 0x00000006d6a00000, 0x000000076ab00000)
  object space 370688K, 99% used [0x00000006c0000000,0x00000006d69fbb00,0x00000006d6a00000)
 Metaspace       used 6825K, capacity 7384K, committed 7680K, reserved 1056768K
  class space    used 639K, capacity 656K, committed 768K, reserved 1048576K
Event: 27.655 GC heap after
Heap after GC invocations=26 (full 12):
 PSYoungGen      total 680960K, used 408639K [0x000000076ab00000, 0x00000007a5300000, 0x00000007c0000000)
  eden space 505344K, 80% used [0x000000076ab00000,0x0000000783a0fcb8,0x0000000789880000)
  from space 175616K, 0% used [0x000000079a780000,0x000000079a780000,0x00000007a5300000)
  to   space 133120K, 0% used [0x0000000789880000,0x0000000789880000,0x0000000791a80000)
 ParOldGen       total 370688K, used 370456K [0x00000006c0000000, 0x00000006d6a00000, 0x000000076ab00000)
  object space 370688K, 99% used [0x00000006c0000000,0x00000006d69c60b0,0x00000006d6a00000)
 Metaspace       used 6825K, capacity 7384K, committed 7680K, reserved 1056768K
  class space    used 639K, capacity 656K, committed 768K, reserved 1048576K
}
Event: 27.788 GC heap before
{Heap before GC invocations=27 (full 13):
 PSYoungGen      total 680960K, used 505344K [0x000000076ab00000, 0x00000007a5300000, 0x00000007c0000000)
  eden space 505344K, 100% used [0x000000076ab00000,0x0000000789880000,0x0000000789880000)
  from space 175616K, 0% used [0x000000079a780000,0x000000079a780000,0x00000007a5300000)
  to   space 133120K, 0% used [0x0000000789880000,0x0000000789880000,0x0000000791a80000)
 ParOldGen       total 370688K, used 370456K [0x00000006c0000000, 0x00000006d6a00000, 0x000000076ab00000)
  object space 370688K, 99% used [0x00000006c0000000,0x00000006d69c60b0,0x00000006d6a00000)
 Metaspace       used 6839K, capacity 7384K, committed 7680K, reserved 1056768K
  class space    used 639K, capacity 656K, committed 768K, reserved 1048576K
Event: 29.088 GC heap after
Heap after GC invocations=27 (full 13):
 PSYoungGen      total 680960K, used 422740K [0x000000076ab00000, 0x00000007a5300000, 0x00000007c0000000)
  eden space 505344K, 83% used [0x000000076ab00000,0x00000007847d50e8,0x0000000789880000)
  from space 175616K, 0% used [0x000000079a780000,0x000000079a780000,0x00000007a5300000)
  to   space 133120K, 0% used [0x0000000789880000,0x0000000789880000,0x0000000791a80000)
 ParOldGen       total 370688K, used 370438K [0x00000006c0000000, 0x00000006d6a00000, 0x000000076ab00000)
  object space 370688K, 99% used [0x00000006c0000000,0x00000006d69c1810,0x00000006d6a00000)
 Metaspace       used 6839K, capacity 7384K, committed 7680K, reserved 1056768K
  class space    used 639K, capacity 656K, committed 768K, reserved 1048576K
}
Event: 29.197 GC heap before
{Heap before GC invocations=28 (full 14):
 PSYoungGen      total 680960K, used 505344K [0x000000076ab00000, 0x00000007a5300000, 0x00000007c0000000)
  eden space 505344K, 100% used [0x000000076ab00000,0x0000000789880000,0x0000000789880000)
  from space 175616K, 0% used [0x000000079a780000,0x000000079a780000,0x00000007a5300000)
  to   space 133120K, 0% used [0x0000000789880000,0x0000000789880000,0x0000000791a80000)
 ParOldGen       total 370688K, used 370438K [0x00000006c0000000, 0x00000006d6a00000, 0x000000076ab00000)
  object space 370688K, 99% used [0x00000006c0000000,0x00000006d69c1810,0x00000006d6a00000)
 Metaspace       used 6845K, capacity 7384K, committed 7680K, reserved 1056768K
  class space    used 639K, capacity 656K, committed 768K, reserved 1048576K
Event: 32.261 GC heap after
Heap after GC invocations=28 (full 14):
 PSYoungGen      total 680960K, used 432670K [0x000000076ab00000, 0x00000007a5300000, 0x00000007c0000000)
  eden space 505344K, 85% used [0x000000076ab00000,0x00000007851879a0,0x0000000789880000)
  from space 175616K, 0% used [0x000000079a780000,0x000000079a780000,0x00000007a5300000)
  to   space 133120K, 0% used [0x0000000789880000,0x0000000789880000,0x0000000791a80000)
 ParOldGen       total 370688K, used 370441K [0x00000006c0000000, 0x00000006d6a00000, 0x000000076ab00000)
  object space 370688K, 99% used [0x00000006c0000000,0x00000006d69c2560,0x00000006d6a00000)
 Metaspace       used 6845K, capacity 7384K, committed 7680K, reserved 1056768K
  class space    used 639K, capacity 656K, committed 768K, reserved 1048576K
}
Event: 32.359 GC heap before
{Heap before GC invocations=29 (full 15):
 PSYoungGen      total 680960K, used 505344K [0x000000076ab00000, 0x00000007a5300000, 0x00000007c0000000)
  eden space 505344K, 100% used [0x000000076ab00000,0x0000000789880000,0x0000000789880000)
  from space 175616K, 0% used [0x000000079a780000,0x000000079a780000,0x00000007a5300000)
  to   space 133120K, 0% used [0x0000000789880000,0x0000000789880000,0x0000000791a80000)
 ParOldGen       total 370688K, used 370441K [0x00000006c0000000, 0x00000006d6a00000, 0x000000076ab00000)
  object space 370688K, 99% used [0x00000006c0000000,0x00000006d69c2560,0x00000006d6a00000)
 Metaspace       used 6872K, capacity 7384K, committed 7680K, reserved 1056768K
  class space    used 641K, capacity 656K, committed 768K, reserved 1048576K
Event: 33.984 GC heap after
Heap after GC invocations=29 (full 15):
 PSYoungGen      total 680960K, used 443398K [0x000000076ab00000, 0x00000007a5300000, 0x00000007c0000000)
  eden space 505344K, 87% used [0x000000076ab00000,0x0000000785c01bf8,0x0000000789880000)
  from space 175616K, 0% used [0x000000079a780000,0x000000079a780000,0x00000007a5300000)
  to   space 133120K, 0% used [0x0000000789880000,0x0000000789880000,0x0000000791a80000)
 ParOldGen       total 370688K, used 370305K [0x00000006c0000000, 0x00000006d6a00000, 0x000000076ab00000)
  object space 370688K, 99% used [0x00000006c0000000,0x00000006d69a0690,0x00000006d6a00000)
 Metaspace       used 6872K, capacity 7384K, committed 7680K, reserved 1056768K
  class space    used 641K, capacity 656K, committed 768K, reserved 1048576K
}
Event: 34.061 GC heap before
{Heap before GC invocations=30 (full 16):
 PSYoungGen      total 680960K, used 505344K [0x000000076ab00000, 0x00000007a5300000, 0x00000007c0000000)
  eden space 505344K, 100% used [0x000000076ab00000,0x0000000789880000,0x0000000789880000)
  from space 175616K, 0% used [0x000000079a780000,0x000000079a780000,0x00000007a5300000)
  to   space 133120K, 0% used [0x0000000789880000,0x0000000789880000,0x0000000791a80000)
 ParOldGen       total 370688K, used 370305K [0x00000006c0000000, 0x00000006d6a00000, 0x000000076ab00000)
  object space 370688K, 99% used [0x00000006c0000000,0x00000006d69a0690,0x00000006d6a00000)
 Metaspace       used 6873K, capacity 7384K, committed 7680K, reserved 1056768K
  class space    used 641K, capacity 656K, committed 768K, reserved 1048576K
Event: 35.246 GC heap after
Heap after GC invocations=30 (full 16):
 PSYoungGen      total 680960K, used 448678K [0x000000076ab00000, 0x00000007a5300000, 0x00000007c0000000)
  eden space 505344K, 88% used [0x000000076ab00000,0x0000000786129860,0x0000000789880000)
  from space 175616K, 0% used [0x000000079a780000,0x000000079a780000,0x00000007a5300000)
  to   space 133120K, 0% used [0x0000000789880000,0x0000000789880000,0x0000000791a80000)
 ParOldGen       total 370688K, used 370195K [0x00000006c0000000, 0x00000006d6a00000, 0x000000076ab00000)
  object space 370688K, 99% used [0x00000006c0000000,0x00000006d6984d98,0x00000006d6a00000)
 Metaspace       used 6873K, capacity 7384K, committed 7680K, reserved 1056768K
  class space    used 641K, capacity 656K, committed 768K, reserved 1048576K
}

