# JRE version: Java(TM) SE Runtime Environment (8.0_101-b13) (build 1.8.0_101-b13)
# Java VM: Java HotSpot(TM) 64-Bit Server VM (25.101-b13 mixed mode windows-amd64 compressed oops)
Heap:
 PSYoungGen      total 613376K, used 498618K [0x000000076ab00000, 0x000000079b080000, 0x00000007c0000000)
  eden space 504832K, 98% used [0x000000076ab00000,0x00000007891ee9f0,0x0000000789800000)
  from space 108544K, 0% used [0x0000000791780000,0x0000000791780000,0x0000000798180000)
  to   space 130560K, 0% used [0x0000000789800000,0x0000000789800000,0x0000000791780000)
 ParOldGen       total 375808K, used 375563K [0x00000006c0000000, 0x00000006d6f00000, 0x000000076ab00000)
  object space 375808K, 99% used [0x00000006c0000000,0x00000006d6ec2e10,0x00000006d6f00000)
 Metaspace       used 7546K, capacity 7832K, committed 7936K, reserved 1056768K
  class space    used 686K, capacity 720K, committed 768K, reserved 1048576K
GC Heap History (10 events):
Event: 28.045 GC heap before
{Heap before GC invocations=26 (full 12):
 PSYoungGen      total 613376K, used 504832K [0x000000076ab00000, 0x000000079b080000, 0x00000007c0000000)
  eden space 504832K, 100% used [0x000000076ab00000,0x0000000789800000,0x0000000789800000)
  from space 108544K, 0% used [0x0000000791780000,0x0000000791780000,0x0000000798180000)
  to   space 130560K, 0% used [0x0000000789800000,0x0000000789800000,0x0000000791780000)
 ParOldGen       total 375808K, used 375657K [0x00000006c0000000, 0x00000006d6f00000, 0x000000076ab00000)
  object space 375808K, 99% used [0x00000006c0000000,0x00000006d6eda538,0x00000006d6f00000)
 Metaspace       used 6833K, capacity 7384K, committed 7680K, reserved 1056768K
  class space    used 638K, capacity 656K, committed 768K, reserved 1048576K
Event: 31.790 GC heap after
Heap after GC invocations=26 (full 12):
 PSYoungGen      total 613376K, used 404283K [0x000000076ab00000, 0x000000079b080000, 0x00000007c0000000)
  eden space 504832K, 80% used [0x000000076ab00000,0x00000007835cec08,0x0000000789800000)
  from space 108544K, 0% used [0x0000000791780000,0x0000000791780000,0x0000000798180000)
  to   space 130560K, 0% used [0x0000000789800000,0x0000000789800000,0x0000000791780000)
 ParOldGen       total 375808K, used 375399K [0x00000006c0000000, 0x00000006d6f00000, 0x000000076ab00000)
  object space 375808K, 99% used [0x00000006c0000000,0x00000006d6e99d98,0x00000006d6f00000)
 Metaspace       used 6833K, capacity 7384K, committed 7680K, reserved 1056768K
  class space    used 638K, capacity 656K, committed 768K, reserved 1048576K
}
Event: 31.948 GC heap before
{Heap before GC invocations=27 (full 13):
 PSYoungGen      total 613376K, used 504832K [0x000000076ab00000, 0x000000079b080000, 0x00000007c0000000)
  eden space 504832K, 100% used [0x000000076ab00000,0x0000000789800000,0x0000000789800000)
  from space 108544K, 0% used [0x0000000791780000,0x0000000791780000,0x0000000798180000)
  to   space 130560K, 0% used [0x0000000789800000,0x0000000789800000,0x0000000791780000)
 ParOldGen       total 375808K, used 375399K [0x00000006c0000000, 0x00000006d6f00000, 0x000000076ab00000)
  object space 375808K, 99% used [0x00000006c0000000,0x00000006d6e99d98,0x00000006d6f00000)
 Metaspace       used 6842K, capacity 7384K, committed 7680K, reserved 1056768K
  class space    used 638K, capacity 656K, committed 768K, reserved 1048576K
Event: 34.997 GC heap after
Heap after GC invocations=27 (full 13):
 PSYoungGen      total 613376K, used 416076K [0x000000076ab00000, 0x000000079b080000, 0x00000007c0000000)
  eden space 504832K, 82% used [0x000000076ab00000,0x0000000784153058,0x0000000789800000)
  from space 108544K, 0% used [0x0000000791780000,0x0000000791780000,0x0000000798180000)
  to   space 130560K, 0% used [0x0000000789800000,0x0000000789800000,0x0000000791780000)
 ParOldGen       total 375808K, used 375804K [0x00000006c0000000, 0x00000006d6f00000, 0x000000076ab00000)
  object space 375808K, 99% used [0x00000006c0000000,0x00000006d6eff3f8,0x00000006d6f00000)
 Metaspace       used 6842K, capacity 7384K, committed 7680K, reserved 1056768K
  class space    used 638K, capacity 656K, committed 768K, reserved 1048576K
}
Event: 35.127 GC heap before
{Heap before GC invocations=28 (full 14):
 PSYoungGen      total 613376K, used 504832K [0x000000076ab00000, 0x000000079b080000, 0x00000007c0000000)
  eden space 504832K, 100% used [0x000000076ab00000,0x0000000789800000,0x0000000789800000)
  from space 108544K, 0% used [0x0000000791780000,0x0000000791780000,0x0000000798180000)
  to   space 130560K, 0% used [0x0000000789800000,0x0000000789800000,0x0000000791780000)
 ParOldGen       total 375808K, used 375804K [0x00000006c0000000, 0x00000006d6f00000, 0x000000076ab00000)
  object space 375808K, 99% used [0x00000006c0000000,0x00000006d6eff3f8,0x00000006d6f00000)
 Metaspace       used 6869K, capacity 7384K, committed 7680K, reserved 1056768K
  class space    used 640K, capacity 656K, committed 768K, reserved 1048576K
Event: 36.583 GC heap after
Heap after GC invocations=28 (full 14):
 PSYoungGen      total 613376K, used 429390K [0x000000076ab00000, 0x000000079b080000, 0x00000007c0000000)
  eden space 504832K, 85% used [0x000000076ab00000,0x0000000784e53b88,0x0000000789800000)
  from space 108544K, 0% used [0x0000000791780000,0x0000000791780000,0x0000000798180000)
  to   space 130560K, 0% used [0x0000000789800000,0x0000000789800000,0x0000000791780000)
 ParOldGen       total 375808K, used 375659K [0x00000006c0000000, 0x00000006d6f00000, 0x000000076ab00000)
  object space 375808K, 99% used [0x00000006c0000000,0x00000006d6edafe8,0x00000006d6f00000)
 Metaspace       used 6869K, capacity 7384K, committed 7680K, reserved 1056768K
  class space    used 640K, capacity 656K, committed 768K, reserved 1048576K
}
Event: 36.671 GC heap before
{Heap before GC invocations=29 (full 15):
 PSYoungGen      total 613376K, used 504832K [0x000000076ab00000, 0x000000079b080000, 0x00000007c0000000)
  eden space 504832K, 100% used [0x000000076ab00000,0x0000000789800000,0x0000000789800000)
  from space 108544K, 0% used [0x0000000791780000,0x0000000791780000,0x0000000798180000)
  to   space 130560K, 0% used [0x0000000789800000,0x0000000789800000,0x0000000791780000)
 ParOldGen       total 375808K, used 375659K [0x00000006c0000000, 0x00000006d6f00000, 0x000000076ab00000)
  object space 375808K, 99% used [0x00000006c0000000,0x00000006d6edafe8,0x00000006d6f00000)
 Metaspace       used 6869K, capacity 7384K, committed 7680K, reserved 1056768K
  class space    used 640K, capacity 656K, committed 768K, reserved 1048576K
Event: 37.833 GC heap after
Heap after GC invocations=29 (full 15):
 PSYoungGen      total 613376K, used 440697K [0x000000076ab00000, 0x000000079b080000, 0x00000007c0000000)
  eden space 504832K, 87% used [0x000000076ab00000,0x000000078595e5c0,0x0000000789800000)
  from space 108544K, 0% used [0x0000000791780000,0x0000000791780000,0x0000000798180000)
  to   space 130560K, 0% used [0x0000000789800000,0x0000000789800000,0x0000000791780000)
 ParOldGen       total 375808K, used 375658K [0x00000006c0000000, 0x00000006d6f00000, 0x000000076ab00000)
  object space 375808K, 99% used [0x00000006c0000000,0x00000006d6edabe8,0x00000006d6f00000)
 Metaspace       used 6869K, capacity 7384K, committed 7680K, reserved 1056768K
  class space    used 640K, capacity 656K, committed 768K, reserved 1048576K
}
Event: 38.081 GC heap before
{Heap before GC invocations=30 (full 16):
 PSYoungGen      total 613376K, used 504832K [0x000000076ab00000, 0x000000079b080000, 0x00000007c0000000)
  eden space 504832K, 100% used [0x000000076ab00000,0x0000000789800000,0x0000000789800000)
  from space 108544K, 0% used [0x0000000791780000,0x0000000791780000,0x0000000798180000)
  to   space 130560K, 0% used [0x0000000789800000,0x0000000789800000,0x0000000791780000)
 ParOldGen       total 375808K, used 375658K [0x00000006c0000000, 0x00000006d6f00000, 0x000000076ab00000)
  object space 375808K, 99% used [0x00000006c0000000,0x00000006d6edabe8,0x00000006d6f00000)
 Metaspace       used 7099K, capacity 7608K, committed 7936K, reserved 1056768K
  class space    used 653K, capacity 688K, committed 768K, reserved 1048576K
Event: 39.294 GC heap after
Heap after GC invocations=30 (full 16):
 PSYoungGen      total 613376K, used 434982K [0x000000076ab00000, 0x000000079b080000, 0x00000007c0000000)
  eden space 504832K, 86% used [0x000000076ab00000,0x00000007853c9910,0x0000000789800000)
  from space 108544K, 0% used [0x0000000791780000,0x0000000791780000,0x0000000798180000)
  to   space 130560K, 0% used [0x0000000789800000,0x0000000789800000,0x0000000791780000)
 ParOldGen       total 375808K, used 375563K [0x00000006c0000000, 0x00000006d6f00000, 0x000000076ab00000)
  object space 375808K, 99% used [0x00000006c0000000,0x00000006d6ec2e10,0x00000006d6f00000)
 Metaspace       used 7099K, capacity 7608K, committed 7936K, reserved 1056768K
  class space    used 653K, capacity 688K, committed 768K, reserved 1048576K
}

