# JRE version: Java(TM) SE Runtime Environment (8.0_101-b13) (build 1.8.0_101-b13)
# Java VM: Java HotSpot(TM) 64-Bit Server VM (25.101-b13 mixed mode windows-amd64 compressed oops)
Heap:
 PSYoungGen      total 469504K, used 271361K [0x000000076ab00000, 0x0000000797b80000, 0x00000007c0000000)
  eden space 451584K, 57% used [0x000000076ab00000,0x000000077aaa0b40,0x0000000786400000)
  from space 17920K, 53% used [0x000000078cc80000,0x000000078d5dfb98,0x000000078de00000)
  to   space 107008K, 0% used [0x0000000786400000,0x0000000786400000,0x000000078cc80000)
 ParOldGen       total 373248K, used 214165K [0x00000006c0000000, 0x00000006d6c80000, 0x000000076ab00000)
  object space 373248K, 57% used [0x00000006c0000000,0x00000006cd125700,0x00000006d6c80000)
 Metaspace       used 6708K, capacity 7320K, committed 7680K, reserved 1056768K
  class space    used 632K, capacity 656K, committed 768K, reserved 1048576K
GC Heap History (10 events):
Event: 2.286 GC heap before
{Heap before GC invocations=8 (full 1):
 PSYoungGen      total 293376K, used 31729K [0x000000076ab00000, 0x0000000791100000, 0x00000007c0000000)
  eden space 261632K, 0% used [0x000000076ab00000,0x000000076ab00000,0x000000077aa80000)
  from space 31744K, 99% used [0x000000077aa80000,0x000000077c97c4a0,0x000000077c980000)
  to   space 52736K, 0% used [0x000000078dd80000,0x000000078dd80000,0x0000000791100000)
 ParOldGen       total 87552K, used 62290K [0x00000006c0000000, 0x00000006c5580000, 0x000000076ab00000)
  object space 87552K, 71% used [0x00000006c0000000,0x00000006c3cd4a48,0x00000006c5580000)
 Metaspace       used 6660K, capacity 7320K, committed 7680K, reserved 1056768K
  class space    used 630K, capacity 656K, committed 768K, reserved 1048576K
Event: 2.640 GC heap after
Heap after GC invocations=8 (full 1):
 PSYoungGen      total 293376K, used 3045K [0x000000076ab00000, 0x0000000791100000, 0x00000007c0000000)
  eden space 261632K, 0% used [0x000000076ab00000,0x000000076ab00000,0x000000077aa80000)
  from space 31744K, 9% used [0x000000077aa80000,0x000000077ad797e8,0x000000077c980000)
  to   space 52736K, 0% used [0x000000078dd80000,0x000000078dd80000,0x0000000791100000)
 ParOldGen       total 172032K, used 87315K [0x00000006c0000000, 0x00000006ca800000, 0x000000076ab00000)
  object space 172032K, 50% used [0x00000006c0000000,0x00000006c5544c30,0x00000006ca800000)
 Metaspace       used 6660K, capacity 7320K, committed 7680K, reserved 1056768K
  class space    used 630K, capacity 656K, committed 768K, reserved 1048576K
}
Event: 3.156 GC heap before
{Heap before GC invocations=9 (full 1):
 PSYoungGen      total 293376K, used 264677K [0x000000076ab00000, 0x0000000791100000, 0x00000007c0000000)
  eden space 261632K, 100% used [0x000000076ab00000,0x000000077aa80000,0x000000077aa80000)
  from space 31744K, 9% used [0x000000077aa80000,0x000000077ad797e8,0x000000077c980000)
  to   space 52736K, 0% used [0x000000078dd80000,0x000000078dd80000,0x0000000791100000)
 ParOldGen       total 172032K, used 87315K [0x00000006c0000000, 0x00000006ca800000, 0x000000076ab00000)
  object space 172032K, 50% used [0x00000006c0000000,0x00000006c5544c30,0x00000006ca800000)
 Metaspace       used 6675K, capacity 7320K, committed 7680K, reserved 1056768K
  class space    used 630K, capacity 656K, committed 768K, reserved 1048576K
Event: 3.206 GC heap after
Heap after GC invocations=9 (full 1):
 PSYoungGen      total 385536K, used 40378K [0x000000076ab00000, 0x0000000790500000, 0x00000007c0000000)
  eden space 345088K, 0% used [0x000000076ab00000,0x000000076ab00000,0x000000077fc00000)
  from space 40448K, 99% used [0x000000078dd80000,0x00000007904eeb58,0x0000000790500000)
  to   space 57856K, 0% used [0x0000000789400000,0x0000000789400000,0x000000078cc80000)
 ParOldGen       total 172032K, used 87499K [0x00000006c0000000, 0x00000006ca800000, 0x000000076ab00000)
  object space 172032K, 50% used [0x00000006c0000000,0x00000006c5572c30,0x00000006ca800000)
 Metaspace       used 6675K, capacity 7320K, committed 7680K, reserved 1056768K
  class space    used 630K, capacity 656K, committed 768K, reserved 1048576K
}
Event: 3.723 GC heap before
{Heap before GC invocations=10 (full 1):
 PSYoungGen      total 385536K, used 385466K [0x000000076ab00000, 0x0000000790500000, 0x00000007c0000000)
  eden space 345088K, 100% used [0x000000076ab00000,0x000000077fc00000,0x000000077fc00000)
  from space 40448K, 99% used [0x000000078dd80000,0x00000007904eeb58,0x0000000790500000)
  to   space 57856K, 0% used [0x0000000789400000,0x0000000789400000,0x000000078cc80000)
 ParOldGen       total 172032K, used 87499K [0x00000006c0000000, 0x00000006ca800000, 0x000000076ab00000)
  object space 172032K, 50% used [0x00000006c0000000,0x00000006c5572c30,0x00000006ca800000)
 Metaspace       used 6680K, capacity 7320K, committed 7680K, reserved 1056768K
  class space    used 631K, capacity 656K, committed 768K, reserved 1048576K
Event: 3.795 GC heap after
Heap after GC invocations=10 (full 1):
 PSYoungGen      total 478208K, used 57835K [0x000000076ab00000, 0x000000078de00000, 0x00000007c0000000)
  eden space 420352K, 0% used [0x000000076ab00000,0x000000076ab00000,0x0000000784580000)
  from space 57856K, 99% used [0x0000000789400000,0x000000078cc7ad00,0x000000078cc80000)
  to   space 17920K, 0% used [0x000000078cc80000,0x000000078cc80000,0x000000078de00000)
 ParOldGen       total 172032K, used 109577K [0x00000006c0000000, 0x00000006ca800000, 0x000000076ab00000)
  object space 172032K, 63% used [0x00000006c0000000,0x00000006c6b027f8,0x00000006ca800000)
 Metaspace       used 6680K, capacity 7320K, committed 7680K, reserved 1056768K
  class space    used 631K, capacity 656K, committed 768K, reserved 1048576K
}
Event: 4.603 GC heap before
{Heap before GC invocations=11 (full 1):
 PSYoungGen      total 478208K, used 478187K [0x000000076ab00000, 0x000000078de00000, 0x00000007c0000000)
  eden space 420352K, 100% used [0x000000076ab00000,0x0000000784580000,0x0000000784580000)
  from space 57856K, 99% used [0x0000000789400000,0x000000078cc7ad00,0x000000078cc80000)
  to   space 17920K, 0% used [0x000000078cc80000,0x000000078cc80000,0x000000078de00000)
 ParOldGen       total 172032K, used 109577K [0x00000006c0000000, 0x00000006ca800000, 0x000000076ab00000)
  object space 172032K, 63% used [0x00000006c0000000,0x00000006c6b027f8,0x00000006ca800000)
 Metaspace       used 6706K, capacity 7320K, committed 7680K, reserved 1056768K
  class space    used 631K, capacity 656K, committed 768K, reserved 1048576K
Event: 4.737 GC heap after
Heap after GC invocations=11 (full 1):
 PSYoungGen      total 469504K, used 17909K [0x000000076ab00000, 0x0000000797b80000, 0x00000007c0000000)
  eden space 451584K, 0% used [0x000000076ab00000,0x000000076ab00000,0x0000000786400000)
  from space 17920K, 99% used [0x000000078cc80000,0x000000078ddfd5a8,0x000000078de00000)
  to   space 107008K, 0% used [0x0000000786400000,0x0000000786400000,0x000000078cc80000)
 ParOldGen       total 214528K, used 214348K [0x00000006c0000000, 0x00000006cd180000, 0x000000076ab00000)
  object space 214528K, 99% used [0x00000006c0000000,0x00000006cd153100,0x00000006cd180000)
 Metaspace       used 6706K, capacity 7320K, committed 7680K, reserved 1056768K
  class space    used 631K, capacity 656K, committed 768K, reserved 1048576K
}
Event: 4.737 GC heap before
{Heap before GC invocations=12 (full 2):
 PSYoungGen      total 469504K, used 17909K [0x000000076ab00000, 0x0000000797b80000, 0x00000007c0000000)
  eden space 451584K, 0% used [0x000000076ab00000,0x000000076ab00000,0x0000000786400000)
  from space 17920K, 99% used [0x000000078cc80000,0x000000078ddfd5a8,0x000000078de00000)
  to   space 107008K, 0% used [0x0000000786400000,0x0000000786400000,0x000000078cc80000)
 ParOldGen       total 214528K, used 214348K [0x00000006c0000000, 0x00000006cd180000, 0x000000076ab00000)
  object space 214528K, 99% used [0x00000006c0000000,0x00000006cd153100,0x00000006cd180000)
 Metaspace       used 6706K, capacity 7320K, committed 7680K, reserved 1056768K
  class space    used 631K, capacity 656K, committed 768K, reserved 1048576K
Event: 5.515 GC heap after
Heap after GC invocations=12 (full 2):
 PSYoungGen      total 469504K, used 9598K [0x000000076ab00000, 0x0000000797b80000, 0x00000007c0000000)
  eden space 451584K, 0% used [0x000000076ab00000,0x000000076ab00000,0x0000000786400000)
  from space 17920K, 53% used [0x000000078cc80000,0x000000078d5dfb98,0x000000078de00000)
  to   space 107008K, 0% used [0x0000000786400000,0x0000000786400000,0x000000078cc80000)
 ParOldGen       total 373248K, used 214165K [0x00000006c0000000, 0x00000006d6c80000, 0x000000076ab00000)
  object space 373248K, 57% used [0x00000006c0000000,0x00000006cd125700,0x00000006d6c80000)
 Metaspace       used 6706K, capacity 7320K, committed 7680K, reserved 1056768K
  class space    used 631K, capacity 656K, committed 768K, reserved 1048576K
}

