# JRE version: Java(TM) SE Runtime Environment (8.0_101-b13) (build 1.8.0_101-b13)
# Java VM: Java HotSpot(TM) 64-Bit Server VM (25.101-b13 mixed mode windows-amd64 compressed oops)
Heap:
 PSYoungGen      total 762368K, used 456008K [0x000000076ab00000, 0x00000007a6f00000, 0x00000007c0000000)
  eden space 591872K, 77% used [0x000000076ab00000,0x00000007868521d8,0x000000078ed00000)
  from space 170496K, 0% used [0x000000079a200000,0x000000079a200000,0x00000007a4880000)
  to   space 185344K, 0% used [0x000000078ed00000,0x000000078ed00000,0x000000079a200000)
 ParOldGen       total 365568K, used 365069K [0x00000006c0000000, 0x00000006d6500000, 0x000000076ab00000)
  object space 365568K, 99% used [0x00000006c0000000,0x00000006d6483568,0x00000006d6500000)
 Metaspace       used 6835K, capacity 7384K, committed 7680K, reserved 1056768K
  class space    used 638K, capacity 656K, committed 768K, reserved 1048576K
GC Heap History (10 events):
Event: 13.333 GC heap before
{Heap before GC invocations=19 (full 5):
 PSYoungGen      total 762368K, used 591872K [0x000000076ab00000, 0x00000007a6f00000, 0x00000007c0000000)
  eden space 591872K, 100% used [0x000000076ab00000,0x000000078ed00000,0x000000078ed00000)
  from space 170496K, 0% used [0x000000079a200000,0x000000079a200000,0x00000007a4880000)
  to   space 185344K, 0% used [0x000000078ed00000,0x000000078ed00000,0x000000079a200000)
 ParOldGen       total 365568K, used 365546K [0x00000006c0000000, 0x00000006d6500000, 0x000000076ab00000)
  object space 365568K, 99% used [0x00000006c0000000,0x00000006d64fab38,0x00000006d6500000)
 Metaspace       used 6761K, capacity 7320K, committed 7680K, reserved 1056768K
  class space    used 634K, capacity 656K, committed 768K, reserved 1048576K
Event: 14.514 GC heap after
Heap after GC invocations=19 (full 5):
 PSYoungGen      total 762368K, used 253210K [0x000000076ab00000, 0x00000007a6f00000, 0x00000007c0000000)
  eden space 591872K, 42% used [0x000000076ab00000,0x000000077a246bd8,0x000000078ed00000)
  from space 170496K, 0% used [0x000000079a200000,0x000000079a200000,0x00000007a4880000)
  to   space 185344K, 0% used [0x000000078ed00000,0x000000078ed00000,0x000000079a200000)
 ParOldGen       total 365568K, used 365496K [0x00000006c0000000, 0x00000006d6500000, 0x000000076ab00000)
  object space 365568K, 99% used [0x00000006c0000000,0x00000006d64ee370,0x00000006d6500000)
 Metaspace       used 6761K, capacity 7320K, committed 7680K, reserved 1056768K
  class space    used 634K, capacity 656K, committed 768K, reserved 1048576K
}
Event: 14.967 GC heap before
{Heap before GC invocations=20 (full 6):
 PSYoungGen      total 762368K, used 591872K [0x000000076ab00000, 0x00000007a6f00000, 0x00000007c0000000)
  eden space 591872K, 100% used [0x000000076ab00000,0x000000078ed00000,0x000000078ed00000)
  from space 170496K, 0% used [0x000000079a200000,0x000000079a200000,0x00000007a4880000)
  to   space 185344K, 0% used [0x000000078ed00000,0x000000078ed00000,0x000000079a200000)
 ParOldGen       total 365568K, used 365496K [0x00000006c0000000, 0x00000006d6500000, 0x000000076ab00000)
  object space 365568K, 99% used [0x00000006c0000000,0x00000006d64ee370,0x00000006d6500000)
 Metaspace       used 6764K, capacity 7320K, committed 7680K, reserved 1056768K
  class space    used 635K, capacity 656K, committed 768K, reserved 1048576K
Event: 16.312 GC heap after
Heap after GC invocations=20 (full 6):
 PSYoungGen      total 762368K, used 301826K [0x000000076ab00000, 0x00000007a6f00000, 0x00000007c0000000)
  eden space 591872K, 50% used [0x000000076ab00000,0x000000077d1c0948,0x000000078ed00000)
  from space 170496K, 0% used [0x000000079a200000,0x000000079a200000,0x00000007a4880000)
  to   space 185344K, 0% used [0x000000078ed00000,0x000000078ed00000,0x000000079a200000)
 ParOldGen       total 365568K, used 365097K [0x00000006c0000000, 0x00000006d6500000, 0x000000076ab00000)
  object space 365568K, 99% used [0x00000006c0000000,0x00000006d648a6e8,0x00000006d6500000)
 Metaspace       used 6764K, capacity 7320K, committed 7680K, reserved 1056768K
  class space    used 635K, capacity 656K, committed 768K, reserved 1048576K
}
Event: 16.680 GC heap before
{Heap before GC invocations=21 (full 7):
 PSYoungGen      total 762368K, used 591872K [0x000000076ab00000, 0x00000007a6f00000, 0x00000007c0000000)
  eden space 591872K, 100% used [0x000000076ab00000,0x000000078ed00000,0x000000078ed00000)
  from space 170496K, 0% used [0x000000079a200000,0x000000079a200000,0x00000007a4880000)
  to   space 185344K, 0% used [0x000000078ed00000,0x000000078ed00000,0x000000079a200000)
 ParOldGen       total 365568K, used 365097K [0x00000006c0000000, 0x00000006d6500000, 0x000000076ab00000)
  object space 365568K, 99% used [0x00000006c0000000,0x00000006d648a6e8,0x00000006d6500000)
 Metaspace       used 6764K, capacity 7320K, committed 7680K, reserved 1056768K
  class space    used 635K, capacity 656K, committed 768K, reserved 1048576K
Event: 17.694 GC heap after
Heap after GC invocations=21 (full 7):
 PSYoungGen      total 762368K, used 341211K [0x000000076ab00000, 0x00000007a6f00000, 0x00000007c0000000)
  eden space 591872K, 57% used [0x000000076ab00000,0x000000077f836c00,0x000000078ed00000)
  from space 170496K, 0% used [0x000000079a200000,0x000000079a200000,0x00000007a4880000)
  to   space 185344K, 0% used [0x000000078ed00000,0x000000078ed00000,0x000000079a200000)
 ParOldGen       total 365568K, used 365088K [0x00000006c0000000, 0x00000006d6500000, 0x000000076ab00000)
  object space 365568K, 99% used [0x00000006c0000000,0x00000006d64880e8,0x00000006d6500000)
 Metaspace       used 6764K, capacity 7320K, committed 7680K, reserved 1056768K
  class space    used 635K, capacity 656K, committed 768K, reserved 1048576K
}
Event: 17.965 GC heap before
{Heap before GC invocations=22 (full 8):
 PSYoungGen      total 762368K, used 591872K [0x000000076ab00000, 0x00000007a6f00000, 0x00000007c0000000)
  eden space 591872K, 100% used [0x000000076ab00000,0x000000078ed00000,0x000000078ed00000)
  from space 170496K, 0% used [0x000000079a200000,0x000000079a200000,0x00000007a4880000)
  to   space 185344K, 0% used [0x000000078ed00000,0x000000078ed00000,0x000000079a200000)
 ParOldGen       total 365568K, used 365088K [0x00000006c0000000, 0x00000006d6500000, 0x000000076ab00000)
  object space 365568K, 99% used [0x00000006c0000000,0x00000006d64880e8,0x00000006d6500000)
 Metaspace       used 6764K, capacity 7320K, committed 7680K, reserved 1056768K
  class space    used 635K, capacity 656K, committed 768K, reserved 1048576K
Event: 19.091 GC heap after
Heap after GC invocations=22 (full 8):
 PSYoungGen      total 762368K, used 374978K [0x000000076ab00000, 0x00000007a6f00000, 0x00000007c0000000)
  eden space 591872K, 63% used [0x000000076ab00000,0x0000000781930a38,0x000000078ed00000)
  from space 170496K, 0% used [0x000000079a200000,0x000000079a200000,0x00000007a4880000)
  to   space 185344K, 0% used [0x000000078ed00000,0x000000078ed00000,0x000000079a200000)
 ParOldGen       total 365568K, used 365081K [0x00000006c0000000, 0x00000006d6500000, 0x000000076ab00000)
  object space 365568K, 99% used [0x00000006c0000000,0x00000006d6486508,0x00000006d6500000)
 Metaspace       used 6764K, capacity 7320K, committed 7680K, reserved 1056768K
  class space    used 635K, capacity 656K, committed 768K, reserved 1048576K
}
Event: 19.351 GC heap before
{Heap before GC invocations=23 (full 9):
 PSYoungGen      total 762368K, used 591872K [0x000000076ab00000, 0x00000007a6f00000, 0x00000007c0000000)
  eden space 591872K, 100% used [0x000000076ab00000,0x000000078ed00000,0x000000078ed00000)
  from space 170496K, 0% used [0x000000079a200000,0x000000079a200000,0x00000007a4880000)
  to   space 185344K, 0% used [0x000000078ed00000,0x000000078ed00000,0x000000079a200000)
 ParOldGen       total 365568K, used 365081K [0x00000006c0000000, 0x00000006d6500000, 0x000000076ab00000)
  object space 365568K, 99% used [0x00000006c0000000,0x00000006d6486508,0x00000006d6500000)
 Metaspace       used 6791K, capacity 7320K, committed 7680K, reserved 1056768K
  class space    used 638K, capacity 656K, committed 768K, reserved 1048576K
Event: 20.615 GC heap after
Heap after GC invocations=23 (full 9):
 PSYoungGen      total 762368K, used 406513K [0x000000076ab00000, 0x00000007a6f00000, 0x00000007c0000000)
  eden space 591872K, 68% used [0x000000076ab00000,0x00000007837fc4b8,0x000000078ed00000)
  from space 170496K, 0% used [0x000000079a200000,0x000000079a200000,0x00000007a4880000)
  to   space 185344K, 0% used [0x000000078ed00000,0x000000078ed00000,0x000000079a200000)
 ParOldGen       total 365568K, used 365069K [0x00000006c0000000, 0x00000006d6500000, 0x000000076ab00000)
  object space 365568K, 99% used [0x00000006c0000000,0x00000006d6483568,0x00000006d6500000)
 Metaspace       used 6791K, capacity 7320K, committed 7680K, reserved 1056768K
  class space    used 638K, capacity 656K, committed 768K, reserved 1048576K
}

